{"D:\\Magang\\Telkom DBT\\Repo\\C3\\Services\\GitlabRepo\\product-service\\bin\\app\\server.js":{"path":"D:\\Magang\\Telkom DBT\\Repo\\C3\\Services\\GitlabRepo\\product-service\\bin\\app\\server.js","statementMap":{"0":{"start":{"line":2,"column":12},"end":{"line":9,"column":2}},"1":{"start":{"line":11,"column":16},"end":{"line":11,"column":34}},"2":{"start":{"line":13,"column":16},"end":{"line":13,"column":45}},"3":{"start":{"line":14,"column":18},"end":{"line":14,"column":54}},"4":{"start":{"line":16,"column":16},"end":{"line":16,"column":51}},"5":{"start":{"line":19,"column":23},"end":{"line":19,"column":57}},"6":{"start":{"line":20,"column":23},"end":{"line":20,"column":73}},"7":{"start":{"line":23,"column":18},"end":{"line":31,"column":1}},"8":{"start":{"line":24,"column":2},"end":{"line":24,"column":49}},"9":{"start":{"line":25,"column":2},"end":{"line":25,"column":68}},"10":{"start":{"line":26,"column":2},"end":{"line":26,"column":95}},"11":{"start":{"line":27,"column":2},"end":{"line":29,"column":3}},"12":{"start":{"line":28,"column":4},"end":{"line":28,"column":18}},"13":{"start":{"line":30,"column":2},"end":{"line":30,"column":16}},"14":{"start":{"line":33,"column":13},"end":{"line":38,"column":2}},"15":{"start":{"line":40,"column":16},"end":{"line":69,"column":1}},"16":{"start":{"line":41,"column":2},"end":{"line":44,"column":5}},"17":{"start":{"line":46,"column":2},"end":{"line":46,"column":29}},"18":{"start":{"line":47,"column":2},"end":{"line":47,"column":34}},"19":{"start":{"line":48,"column":2},"end":{"line":48,"column":31}},"20":{"start":{"line":49,"column":2},"end":{"line":49,"column":72}},"21":{"start":{"line":50,"column":2},"end":{"line":50,"column":49}},"22":{"start":{"line":51,"column":2},"end":{"line":51,"column":48}},"23":{"start":{"line":52,"column":2},"end":{"line":52,"column":57}},"24":{"start":{"line":55,"column":2},"end":{"line":55,"column":36}},"25":{"start":{"line":56,"column":2},"end":{"line":56,"column":31}},"26":{"start":{"line":59,"column":2},"end":{"line":61,"column":5}},"27":{"start":{"line":60,"column":4},"end":{"line":60,"column":93}},"28":{"start":{"line":64,"column":2},"end":{"line":64,"column":70}},"29":{"start":{"line":65,"column":2},"end":{"line":65,"column":69}},"30":{"start":{"line":66,"column":2},"end":{"line":66,"column":71}},"31":{"start":{"line":67,"column":2},"end":{"line":67,"column":74}},"32":{"start":{"line":68,"column":2},"end":{"line":68,"column":75}},"33":{"start":{"line":71,"column":0},"end":{"line":71,"column":27}}},"fnMap":{"0":{"name":"(anonymous_0)","decl":{"start":{"line":23,"column":18},"end":{"line":23,"column":19}},"loc":{"start":{"line":23,"column":36},"end":{"line":31,"column":1}},"line":23},"1":{"name":"(anonymous_1)","decl":{"start":{"line":40,"column":16},"end":{"line":40,"column":17}},"loc":{"start":{"line":40,"column":26},"end":{"line":69,"column":1}},"line":40},"2":{"name":"(anonymous_2)","decl":{"start":{"line":59,"column":23},"end":{"line":59,"column":24}},"loc":{"start":{"line":59,"column":43},"end":{"line":61,"column":3}},"line":59}},"branchMap":{"0":{"loc":{"start":{"line":27,"column":2},"end":{"line":29,"column":3}},"type":"if","locations":[{"start":{"line":27,"column":2},"end":{"line":29,"column":3}},{"start":{"line":27,"column":2},"end":{"line":29,"column":3}}],"line":27}},"s":{"0":0,"1":0,"2":0,"3":0,"4":0,"5":0,"6":0,"7":0,"8":0,"9":0,"10":0,"11":0,"12":0,"13":0,"14":0,"15":0,"16":0,"17":0,"18":0,"19":0,"20":0,"21":0,"22":0,"23":0,"24":0,"25":0,"26":0,"27":0,"28":0,"29":0,"30":0,"31":0,"32":0,"33":0},"f":{"0":0,"1":0,"2":0},"b":{"0":[0,0]},"all":true},"D:\\Magang\\Telkom DBT\\Repo\\C3\\Services\\GitlabRepo\\product-service\\bin\\auth\\auth_repository.js":{"path":"D:\\Magang\\Telkom DBT\\Repo\\C3\\Services\\GitlabRepo\\product-service\\bin\\auth\\auth_repository.js","statementMap":{"0":{"start":{"line":7,"column":4},"end":{"line":7,"column":29}},"1":{"start":{"line":8,"column":4},"end":{"line":8,"column":29}},"2":{"start":{"line":12,"column":4},"end":{"line":12,"column":38}},"3":{"start":{"line":16,"column":0},"end":{"line":27,"column":2}},"4":{"start":{"line":17,"column":20},"end":{"line":17,"column":96}},"5":{"start":{"line":18,"column":17},"end":{"line":18,"column":19}},"6":{"start":{"line":20,"column":2},"end":{"line":24,"column":5}},"7":{"start":{"line":21,"column":4},"end":{"line":23,"column":5}},"8":{"start":{"line":22,"column":6},"end":{"line":22,"column":19}},"9":{"start":{"line":25,"column":14},"end":{"line":25,"column":66}},"10":{"start":{"line":26,"column":2},"end":{"line":26,"column":11}}},"fnMap":{"0":{"name":"(anonymous_0)","decl":{"start":{"line":6,"column":2},"end":{"line":6,"column":3}},"loc":{"start":{"line":6,"column":33},"end":{"line":9,"column":3}},"line":6},"1":{"name":"(anonymous_1)","decl":{"start":{"line":11,"column":2},"end":{"line":11,"column":3}},"loc":{"start":{"line":11,"column":27},"end":{"line":13,"column":3}},"line":11},"2":{"name":"(anonymous_2)","decl":{"start":{"line":16,"column":32},"end":{"line":16,"column":33}},"loc":{"start":{"line":16,"column":54},"end":{"line":27,"column":1}},"line":16},"3":{"name":"(anonymous_3)","decl":{"start":{"line":20,"column":28},"end":{"line":20,"column":29}},"loc":{"start":{"line":20,"column":37},"end":{"line":24,"column":3}},"line":20}},"branchMap":{"0":{"loc":{"start":{"line":21,"column":4},"end":{"line":23,"column":5}},"type":"if","locations":[{"start":{"line":21,"column":4},"end":{"line":23,"column":5}},{"start":{"line":21,"column":4},"end":{"line":23,"column":5}}],"line":21}},"s":{"0":0,"1":0,"2":0,"3":0,"4":0,"5":0,"6":0,"7":0,"8":0,"9":0,"10":0},"f":{"0":0,"1":0,"2":0,"3":0},"b":{"0":[0,0]},"all":true},"D:\\Magang\\Telkom DBT\\Repo\\C3\\Services\\GitlabRepo\\product-service\\bin\\auth\\basic_auth_helper.js":{"path":"D:\\Magang\\Telkom DBT\\Repo\\C3\\Services\\GitlabRepo\\product-service\\bin\\auth\\basic_auth_helper.js","statementMap":{"0":{"start":{"line":3,"column":15},"end":{"line":3,"column":34}},"1":{"start":{"line":4,"column":20},"end":{"line":4,"column":58}},"2":{"start":{"line":5,"column":11},"end":{"line":5,"column":39}},"3":{"start":{"line":7,"column":0},"end":{"line":17,"column":4}},"4":{"start":{"line":8,"column":2},"end":{"line":16,"column":5}},"5":{"start":{"line":9,"column":4},"end":{"line":13,"column":5}},"6":{"start":{"line":10,"column":6},"end":{"line":10,"column":29}},"7":{"start":{"line":11,"column":10},"end":{"line":13,"column":5}},"8":{"start":{"line":12,"column":6},"end":{"line":12,"column":29}},"9":{"start":{"line":14,"column":4},"end":{"line":14,"column":26}},"10":{"start":{"line":19,"column":22},"end":{"line":19,"column":70}},"11":{"start":{"line":20,"column":11},"end":{"line":20,"column":38}},"12":{"start":{"line":20,"column":17},"end":{"line":20,"column":38}},"13":{"start":{"line":22,"column":0},"end":{"line":25,"column":2}}},"fnMap":{"0":{"name":"(anonymous_0)","decl":{"start":{"line":7,"column":31},"end":{"line":7,"column":32}},"loc":{"start":{"line":7,"column":59},"end":{"line":17,"column":1}},"line":7},"1":{"name":"(anonymous_1)","decl":{"start":{"line":8,"column":32},"end":{"line":8,"column":33}},"loc":{"start":{"line":8,"column":40},"end":{"line":16,"column":3}},"line":8},"2":{"name":"(anonymous_2)","decl":{"start":{"line":20,"column":11},"end":{"line":20,"column":12}},"loc":{"start":{"line":20,"column":17},"end":{"line":20,"column":38}},"line":20}},"branchMap":{"0":{"loc":{"start":{"line":9,"column":4},"end":{"line":13,"column":5}},"type":"if","locations":[{"start":{"line":9,"column":4},"end":{"line":13,"column":5}},{"start":{"line":9,"column":4},"end":{"line":13,"column":5}}],"line":9},"1":{"loc":{"start":{"line":11,"column":10},"end":{"line":13,"column":5}},"type":"if","locations":[{"start":{"line":11,"column":10},"end":{"line":13,"column":5}},{"start":{"line":11,"column":10},"end":{"line":13,"column":5}}],"line":11}},"s":{"0":0,"1":0,"2":0,"3":0,"4":0,"5":0,"6":0,"7":0,"8":0,"9":0,"10":0,"11":0,"12":0,"13":0},"f":{"0":0,"1":0,"2":0},"b":{"0":[0,0],"1":[0,0]},"all":true},"D:\\Magang\\Telkom DBT\\Repo\\C3\\Services\\GitlabRepo\\product-service\\bin\\auth\\jwt_auth_helper.js":{"path":"D:\\Magang\\Telkom DBT\\Repo\\C3\\Services\\GitlabRepo\\product-service\\bin\\auth\\jwt_auth_helper.js","statementMap":{"0":{"start":{"line":1,"column":12},"end":{"line":1,"column":35}},"1":{"start":{"line":2,"column":11},"end":{"line":2,"column":24}},"2":{"start":{"line":3,"column":15},"end":{"line":3,"column":56}},"3":{"start":{"line":4,"column":18},"end":{"line":4,"column":71}},"4":{"start":{"line":5,"column":16},"end":{"line":5,"column":51}},"5":{"start":{"line":7,"column":15},"end":{"line":7,"column":58}},"6":{"start":{"line":7,"column":26},"end":{"line":7,"column":58}},"7":{"start":{"line":9,"column":22},"end":{"line":19,"column":1}},"8":{"start":{"line":10,"column":21},"end":{"line":10,"column":51}},"9":{"start":{"line":11,"column":24},"end":{"line":16,"column":3}},"10":{"start":{"line":17,"column":16},"end":{"line":17,"column":60}},"11":{"start":{"line":18,"column":2},"end":{"line":18,"column":15}},"12":{"start":{"line":21,"column":17},"end":{"line":28,"column":1}},"13":{"start":{"line":22,"column":2},"end":{"line":27,"column":3}},"14":{"start":{"line":23,"column":17},"end":{"line":23,"column":49}},"15":{"start":{"line":24,"column":4},"end":{"line":26,"column":5}},"16":{"start":{"line":25,"column":6},"end":{"line":25,"column":23}},"17":{"start":{"line":30,"column":20},"end":{"line":62,"column":1}},"18":{"start":{"line":31,"column":17},"end":{"line":33,"column":3}},"19":{"start":{"line":34,"column":20},"end":{"line":34,"column":49}},"20":{"start":{"line":35,"column":24},"end":{"line":39,"column":3}},"21":{"start":{"line":41,"column":16},"end":{"line":41,"column":37}},"22":{"start":{"line":42,"column":2},"end":{"line":44,"column":3}},"23":{"start":{"line":43,"column":4},"end":{"line":43,"column":65}},"24":{"start":{"line":46,"column":2},"end":{"line":54,"column":3}},"25":{"start":{"line":47,"column":4},"end":{"line":47,"column":63}},"26":{"start":{"line":49,"column":4},"end":{"line":53,"column":5}},"27":{"start":{"line":50,"column":6},"end":{"line":50,"column":74}},"28":{"start":{"line":52,"column":6},"end":{"line":52,"column":72}},"29":{"start":{"line":55,"column":17},"end":{"line":55,"column":33}},"30":{"start":{"line":56,"column":15},"end":{"line":56,"column":41}},"31":{"start":{"line":57,"column":2},"end":{"line":59,"column":3}},"32":{"start":{"line":58,"column":4},"end":{"line":58,"column":65}},"33":{"start":{"line":60,"column":2},"end":{"line":60,"column":22}},"34":{"start":{"line":61,"column":2},"end":{"line":61,"column":9}},"35":{"start":{"line":64,"column":0},"end":{"line":67,"column":2}}},"fnMap":{"0":{"name":"(anonymous_0)","decl":{"start":{"line":7,"column":15},"end":{"line":7,"column":16}},"loc":{"start":{"line":7,"column":26},"end":{"line":7,"column":58}},"line":7},"1":{"name":"(anonymous_1)","decl":{"start":{"line":9,"column":22},"end":{"line":9,"column":23}},"loc":{"start":{"line":9,"column":41},"end":{"line":19,"column":1}},"line":9},"2":{"name":"(anonymous_2)","decl":{"start":{"line":21,"column":17},"end":{"line":21,"column":18}},"loc":{"start":{"line":21,"column":30},"end":{"line":28,"column":1}},"line":21},"3":{"name":"(anonymous_3)","decl":{"start":{"line":30,"column":20},"end":{"line":30,"column":21}},"loc":{"start":{"line":30,"column":46},"end":{"line":62,"column":1}},"line":30}},"branchMap":{"0":{"loc":{"start":{"line":22,"column":2},"end":{"line":27,"column":3}},"type":"if","locations":[{"start":{"line":22,"column":2},"end":{"line":27,"column":3}},{"start":{"line":22,"column":2},"end":{"line":27,"column":3}}],"line":22},"1":{"loc":{"start":{"line":22,"column":6},"end":{"line":22,"column":82}},"type":"binary-expr","locations":[{"start":{"line":22,"column":6},"end":{"line":22,"column":13}},{"start":{"line":22,"column":17},"end":{"line":22,"column":38}},{"start":{"line":22,"column":42},"end":{"line":22,"column":82}}],"line":22},"2":{"loc":{"start":{"line":24,"column":4},"end":{"line":26,"column":5}},"type":"if","locations":[{"start":{"line":24,"column":4},"end":{"line":26,"column":5}},{"start":{"line":24,"column":4},"end":{"line":26,"column":5}}],"line":24},"3":{"loc":{"start":{"line":42,"column":2},"end":{"line":44,"column":3}},"type":"if","locations":[{"start":{"line":42,"column":2},"end":{"line":44,"column":3}},{"start":{"line":42,"column":2},"end":{"line":44,"column":3}}],"line":42},"4":{"loc":{"start":{"line":49,"column":4},"end":{"line":53,"column":5}},"type":"if","locations":[{"start":{"line":49,"column":4},"end":{"line":53,"column":5}},{"start":{"line":49,"column":4},"end":{"line":53,"column":5}}],"line":49},"5":{"loc":{"start":{"line":57,"column":2},"end":{"line":59,"column":3}},"type":"if","locations":[{"start":{"line":57,"column":2},"end":{"line":59,"column":3}},{"start":{"line":57,"column":2},"end":{"line":59,"column":3}}],"line":57}},"s":{"0":0,"1":0,"2":0,"3":0,"4":0,"5":0,"6":0,"7":0,"8":0,"9":0,"10":0,"11":0,"12":0,"13":0,"14":0,"15":0,"16":0,"17":0,"18":0,"19":0,"20":0,"21":0,"22":0,"23":0,"24":0,"25":0,"26":0,"27":0,"28":0,"29":0,"30":0,"31":0,"32":0,"33":0,"34":0,"35":0},"f":{"0":0,"1":0,"2":0,"3":0},"b":{"0":[0,0],"1":[0,0,0],"2":[0,0],"3":[0,0],"4":[0,0],"5":[0,0]},"all":true},"D:\\Magang\\Telkom DBT\\Repo\\C3\\Services\\GitlabRepo\\product-service\\bin\\helpers\\components\\aws-sns\\sns.js":{"path":"D:\\Magang\\Telkom DBT\\Repo\\C3\\Services\\GitlabRepo\\product-service\\bin\\helpers\\components\\aws-sns\\sns.js","statementMap":{},"fnMap":{},"branchMap":{},"s":{},"f":{},"b":{},"all":true},"D:\\Magang\\Telkom DBT\\Repo\\C3\\Services\\GitlabRepo\\product-service\\bin\\helpers\\components\\aws-sqs\\sqs.js":{"path":"D:\\Magang\\Telkom DBT\\Repo\\C3\\Services\\GitlabRepo\\product-service\\bin\\helpers\\components\\aws-sqs\\sqs.js","statementMap":{},"fnMap":{},"branchMap":{},"s":{},"f":{},"b":{},"all":true},"D:\\Magang\\Telkom DBT\\Repo\\C3\\Services\\GitlabRepo\\product-service\\bin\\helpers\\components\\azure-blob\\blob.js":{"path":"D:\\Magang\\Telkom DBT\\Repo\\C3\\Services\\GitlabRepo\\product-service\\bin\\helpers\\components\\azure-blob\\blob.js","statementMap":{},"fnMap":{},"branchMap":{},"s":{},"f":{},"b":{},"all":true},"D:\\Magang\\Telkom DBT\\Repo\\C3\\Services\\GitlabRepo\\product-service\\bin\\helpers\\components\\minio\\sdk.js":{"path":"D:\\Magang\\Telkom DBT\\Repo\\C3\\Services\\GitlabRepo\\product-service\\bin\\helpers\\components\\minio\\sdk.js","statementMap":{"0":{"start":{"line":1,"column":14},"end":{"line":1,"column":30}},"1":{"start":{"line":2,"column":15},"end":{"line":2,"column":62}},"2":{"start":{"line":3,"column":16},"end":{"line":3,"column":46}},"3":{"start":{"line":4,"column":15},"end":{"line":4,"column":44}},"4":{"start":{"line":7,"column":13},"end":{"line":10,"column":1}},"5":{"start":{"line":8,"column":2},"end":{"line":8,"column":55}},"6":{"start":{"line":9,"column":2},"end":{"line":9,"column":56}},"7":{"start":{"line":12,"column":22},"end":{"line":22,"column":1}},"8":{"start":{"line":13,"column":2},"end":{"line":21,"column":5}},"9":{"start":{"line":14,"column":4},"end":{"line":20,"column":7}},"10":{"start":{"line":15,"column":6},"end":{"line":18,"column":7}},"11":{"start":{"line":16,"column":8},"end":{"line":16,"column":80}},"12":{"start":{"line":17,"column":8},"end":{"line":17,"column":20}},"13":{"start":{"line":19,"column":6},"end":{"line":19,"column":37}},"14":{"start":{"line":23,"column":21},"end":{"line":35,"column":1}},"15":{"start":{"line":24,"column":2},"end":{"line":34,"column":3}},"16":{"start":{"line":25,"column":21},"end":{"line":25,"column":52}},"17":{"start":{"line":26,"column":4},"end":{"line":28,"column":5}},"18":{"start":{"line":27,"column":6},"end":{"line":27,"column":32}},"19":{"start":{"line":29,"column":4},"end":{"line":29,"column":53}},"20":{"start":{"line":30,"column":4},"end":{"line":30,"column":30}},"21":{"start":{"line":32,"column":4},"end":{"line":32,"column":76}},"22":{"start":{"line":33,"column":4},"end":{"line":33,"column":30}},"23":{"start":{"line":36,"column":21},"end":{"line":44,"column":1}},"24":{"start":{"line":37,"column":2},"end":{"line":43,"column":3}},"25":{"start":{"line":38,"column":4},"end":{"line":38,"column":47}},"26":{"start":{"line":39,"column":4},"end":{"line":39,"column":30}},"27":{"start":{"line":41,"column":4},"end":{"line":41,"column":76}},"28":{"start":{"line":42,"column":4},"end":{"line":42,"column":30}},"29":{"start":{"line":45,"column":21},"end":{"line":55,"column":1}},"30":{"start":{"line":46,"column":2},"end":{"line":54,"column":3}},"31":{"start":{"line":47,"column":23},"end":{"line":47,"column":85}},"32":{"start":{"line":48,"column":4},"end":{"line":50,"column":5}},"33":{"start":{"line":49,"column":6},"end":{"line":49,"column":38}},"34":{"start":{"line":52,"column":4},"end":{"line":52,"column":76}},"35":{"start":{"line":53,"column":4},"end":{"line":53,"column":30}},"36":{"start":{"line":56,"column":23},"end":{"line":66,"column":1}},"37":{"start":{"line":57,"column":2},"end":{"line":65,"column":3}},"38":{"start":{"line":58,"column":25},"end":{"line":58,"column":87}},"39":{"start":{"line":59,"column":4},"end":{"line":61,"column":5}},"40":{"start":{"line":60,"column":6},"end":{"line":60,"column":40}},"41":{"start":{"line":63,"column":4},"end":{"line":63,"column":80}},"42":{"start":{"line":64,"column":4},"end":{"line":64,"column":30}},"43":{"start":{"line":67,"column":21},"end":{"line":75,"column":1}},"44":{"start":{"line":68,"column":2},"end":{"line":74,"column":3}},"45":{"start":{"line":69,"column":4},"end":{"line":69,"column":59}},"46":{"start":{"line":70,"column":4},"end":{"line":70,"column":30}},"47":{"start":{"line":72,"column":4},"end":{"line":72,"column":76}},"48":{"start":{"line":73,"column":4},"end":{"line":73,"column":30}},"49":{"start":{"line":76,"column":21},"end":{"line":84,"column":1}},"50":{"start":{"line":77,"column":2},"end":{"line":83,"column":3}},"51":{"start":{"line":78,"column":19},"end":{"line":78,"column":87}},"52":{"start":{"line":79,"column":4},"end":{"line":79,"column":32}},"53":{"start":{"line":81,"column":4},"end":{"line":81,"column":74}},"54":{"start":{"line":82,"column":4},"end":{"line":82,"column":30}},"55":{"start":{"line":86,"column":0},"end":{"line":94,"column":2}}},"fnMap":{"0":{"name":"(anonymous_0)","decl":{"start":{"line":7,"column":13},"end":{"line":7,"column":14}},"loc":{"start":{"line":7,"column":19},"end":{"line":10,"column":1}},"line":7},"1":{"name":"(anonymous_1)","decl":{"start":{"line":12,"column":22},"end":{"line":12,"column":23}},"loc":{"start":{"line":12,"column":38},"end":{"line":22,"column":1}},"line":12},"2":{"name":"(anonymous_2)","decl":{"start":{"line":13,"column":21},"end":{"line":13,"column":22}},"loc":{"start":{"line":13,"column":42},"end":{"line":21,"column":3}},"line":13},"3":{"name":"(anonymous_3)","decl":{"start":{"line":14,"column":41},"end":{"line":14,"column":42}},"loc":{"start":{"line":14,"column":58},"end":{"line":20,"column":5}},"line":14},"4":{"name":"(anonymous_4)","decl":{"start":{"line":23,"column":21},"end":{"line":23,"column":22}},"loc":{"start":{"line":23,"column":65},"end":{"line":35,"column":1}},"line":23},"5":{"name":"(anonymous_5)","decl":{"start":{"line":36,"column":21},"end":{"line":36,"column":22}},"loc":{"start":{"line":36,"column":43},"end":{"line":44,"column":1}},"line":36},"6":{"name":"(anonymous_6)","decl":{"start":{"line":45,"column":21},"end":{"line":45,"column":22}},"loc":{"start":{"line":45,"column":65},"end":{"line":55,"column":1}},"line":45},"7":{"name":"(anonymous_7)","decl":{"start":{"line":56,"column":23},"end":{"line":56,"column":24}},"loc":{"start":{"line":56,"column":67},"end":{"line":66,"column":1}},"line":56},"8":{"name":"(anonymous_8)","decl":{"start":{"line":67,"column":21},"end":{"line":67,"column":22}},"loc":{"start":{"line":67,"column":55},"end":{"line":75,"column":1}},"line":67},"9":{"name":"(anonymous_9)","decl":{"start":{"line":76,"column":21},"end":{"line":76,"column":22}},"loc":{"start":{"line":76,"column":72},"end":{"line":84,"column":1}},"line":76}},"branchMap":{"0":{"loc":{"start":{"line":15,"column":6},"end":{"line":18,"column":7}},"type":"if","locations":[{"start":{"line":15,"column":6},"end":{"line":18,"column":7}},{"start":{"line":15,"column":6},"end":{"line":18,"column":7}}],"line":15},"1":{"loc":{"start":{"line":19,"column":14},"end":{"line":19,"column":35}},"type":"cond-expr","locations":[{"start":{"line":19,"column":23},"end":{"line":19,"column":27}},{"start":{"line":19,"column":30},"end":{"line":19,"column":35}}],"line":19},"2":{"loc":{"start":{"line":23,"column":40},"end":{"line":23,"column":60}},"type":"default-arg","locations":[{"start":{"line":23,"column":49},"end":{"line":23,"column":60}}],"line":23},"3":{"loc":{"start":{"line":26,"column":4},"end":{"line":28,"column":5}},"type":"if","locations":[{"start":{"line":26,"column":4},"end":{"line":28,"column":5}},{"start":{"line":26,"column":4},"end":{"line":28,"column":5}}],"line":26},"4":{"loc":{"start":{"line":48,"column":4},"end":{"line":50,"column":5}},"type":"if","locations":[{"start":{"line":48,"column":4},"end":{"line":50,"column":5}},{"start":{"line":48,"column":4},"end":{"line":50,"column":5}}],"line":48},"5":{"loc":{"start":{"line":59,"column":4},"end":{"line":61,"column":5}},"type":"if","locations":[{"start":{"line":59,"column":4},"end":{"line":61,"column":5}},{"start":{"line":59,"column":4},"end":{"line":61,"column":5}}],"line":59},"6":{"loc":{"start":{"line":76,"column":52},"end":{"line":76,"column":67}},"type":"default-arg","locations":[{"start":{"line":76,"column":61},"end":{"line":76,"column":67}}],"line":76}},"s":{"0":0,"1":0,"2":0,"3":0,"4":0,"5":0,"6":0,"7":0,"8":0,"9":0,"10":0,"11":0,"12":0,"13":0,"14":0,"15":0,"16":0,"17":0,"18":0,"19":0,"20":0,"21":0,"22":0,"23":0,"24":0,"25":0,"26":0,"27":0,"28":0,"29":0,"30":0,"31":0,"32":0,"33":0,"34":0,"35":0,"36":0,"37":0,"38":0,"39":0,"40":0,"41":0,"42":0,"43":0,"44":0,"45":0,"46":0,"47":0,"48":0,"49":0,"50":0,"51":0,"52":0,"53":0,"54":0,"55":0},"f":{"0":0,"1":0,"2":0,"3":0,"4":0,"5":0,"6":0,"7":0,"8":0,"9":0},"b":{"0":[0,0],"1":[0,0],"2":[0],"3":[0,0],"4":[0,0],"5":[0,0],"6":[0]},"all":true},"D:\\Magang\\Telkom DBT\\Repo\\C3\\Services\\GitlabRepo\\product-service\\bin\\helpers\\components\\sentry\\sentry_log.js":{"path":"D:\\Magang\\Telkom DBT\\Repo\\C3\\Services\\GitlabRepo\\product-service\\bin\\helpers\\components\\sentry\\sentry_log.js","statementMap":{"0":{"start":{"line":3,"column":15},"end":{"line":3,"column":62}},"1":{"start":{"line":4,"column":14},"end":{"line":4,"column":30}},"2":{"start":{"line":6,"column":18},"end":{"line":9,"column":1}},"3":{"start":{"line":7,"column":2},"end":{"line":7,"column":48}},"4":{"start":{"line":8,"column":2},"end":{"line":8,"column":39}},"5":{"start":{"line":11,"column":0},"end":{"line":13,"column":2}}},"fnMap":{"0":{"name":"(anonymous_0)","decl":{"start":{"line":6,"column":18},"end":{"line":6,"column":19}},"loc":{"start":{"line":6,"column":42},"end":{"line":9,"column":1}},"line":6}},"branchMap":{},"s":{"0":0,"1":0,"2":0,"3":0,"4":0,"5":0},"f":{"0":0},"b":{},"all":true},"D:\\Magang\\Telkom DBT\\Repo\\C3\\Services\\GitlabRepo\\product-service\\bin\\helpers\\databases\\azts\\db.js":{"path":"D:\\Magang\\Telkom DBT\\Repo\\C3\\Services\\GitlabRepo\\product-service\\bin\\helpers\\databases\\azts\\db.js","statementMap":{"0":{"start":{"line":3,"column":13},"end":{"line":3,"column":37}},"1":{"start":{"line":4,"column":16},"end":{"line":4,"column":53}},"2":{"start":{"line":8,"column":4},"end":{"line":8,"column":45}},"3":{"start":{"line":12,"column":4},"end":{"line":12,"column":31}},"4":{"start":{"line":16,"column":29},"end":{"line":16,"column":50}},"5":{"start":{"line":17,"column":22},"end":{"line":17,"column":36}},"6":{"start":{"line":18,"column":4},"end":{"line":33,"column":7}},"7":{"start":{"line":19,"column":6},"end":{"line":32,"column":7}},"8":{"start":{"line":20,"column":29},"end":{"line":20,"column":70}},"9":{"start":{"line":21,"column":8},"end":{"line":28,"column":11}},"10":{"start":{"line":22,"column":10},"end":{"line":27,"column":11}},"11":{"start":{"line":23,"column":12},"end":{"line":23,"column":51}},"12":{"start":{"line":24,"column":12},"end":{"line":24,"column":24}},"13":{"start":{"line":26,"column":12},"end":{"line":26,"column":28}},"14":{"start":{"line":30,"column":8},"end":{"line":30,"column":47}},"15":{"start":{"line":31,"column":8},"end":{"line":31,"column":20}},"16":{"start":{"line":37,"column":29},"end":{"line":37,"column":50}},"17":{"start":{"line":38,"column":22},"end":{"line":38,"column":36}},"18":{"start":{"line":39,"column":4},"end":{"line":54,"column":7}},"19":{"start":{"line":40,"column":6},"end":{"line":53,"column":7}},"20":{"start":{"line":41,"column":29},"end":{"line":41,"column":70}},"21":{"start":{"line":42,"column":8},"end":{"line":49,"column":11}},"22":{"start":{"line":43,"column":10},"end":{"line":48,"column":11}},"23":{"start":{"line":44,"column":12},"end":{"line":44,"column":51}},"24":{"start":{"line":45,"column":12},"end":{"line":45,"column":24}},"25":{"start":{"line":47,"column":12},"end":{"line":47,"column":28}},"26":{"start":{"line":51,"column":8},"end":{"line":51,"column":47}},"27":{"start":{"line":52,"column":8},"end":{"line":52,"column":20}},"28":{"start":{"line":58,"column":29},"end":{"line":58,"column":50}},"29":{"start":{"line":59,"column":22},"end":{"line":59,"column":36}},"30":{"start":{"line":60,"column":4},"end":{"line":75,"column":7}},"31":{"start":{"line":61,"column":6},"end":{"line":74,"column":7}},"32":{"start":{"line":62,"column":29},"end":{"line":62,"column":70}},"33":{"start":{"line":63,"column":8},"end":{"line":70,"column":11}},"34":{"start":{"line":64,"column":10},"end":{"line":69,"column":11}},"35":{"start":{"line":65,"column":12},"end":{"line":65,"column":51}},"36":{"start":{"line":66,"column":12},"end":{"line":66,"column":24}},"37":{"start":{"line":68,"column":12},"end":{"line":68,"column":28}},"38":{"start":{"line":72,"column":8},"end":{"line":72,"column":47}},"39":{"start":{"line":73,"column":8},"end":{"line":73,"column":20}},"40":{"start":{"line":79,"column":29},"end":{"line":79,"column":50}},"41":{"start":{"line":80,"column":22},"end":{"line":80,"column":36}},"42":{"start":{"line":81,"column":4},"end":{"line":96,"column":7}},"43":{"start":{"line":82,"column":6},"end":{"line":95,"column":7}},"44":{"start":{"line":83,"column":29},"end":{"line":83,"column":70}},"45":{"start":{"line":84,"column":8},"end":{"line":91,"column":11}},"46":{"start":{"line":85,"column":10},"end":{"line":90,"column":11}},"47":{"start":{"line":86,"column":12},"end":{"line":86,"column":51}},"48":{"start":{"line":87,"column":12},"end":{"line":87,"column":24}},"49":{"start":{"line":89,"column":12},"end":{"line":89,"column":28}},"50":{"start":{"line":93,"column":8},"end":{"line":93,"column":47}},"51":{"start":{"line":94,"column":8},"end":{"line":94,"column":20}},"52":{"start":{"line":100,"column":29},"end":{"line":100,"column":50}},"53":{"start":{"line":101,"column":22},"end":{"line":101,"column":36}},"54":{"start":{"line":102,"column":4},"end":{"line":117,"column":7}},"55":{"start":{"line":103,"column":6},"end":{"line":116,"column":7}},"56":{"start":{"line":104,"column":29},"end":{"line":104,"column":70}},"57":{"start":{"line":105,"column":8},"end":{"line":112,"column":11}},"58":{"start":{"line":106,"column":10},"end":{"line":111,"column":11}},"59":{"start":{"line":107,"column":12},"end":{"line":107,"column":51}},"60":{"start":{"line":108,"column":12},"end":{"line":108,"column":24}},"61":{"start":{"line":110,"column":12},"end":{"line":110,"column":28}},"62":{"start":{"line":114,"column":8},"end":{"line":114,"column":47}},"63":{"start":{"line":115,"column":8},"end":{"line":115,"column":20}},"64":{"start":{"line":121,"column":0},"end":{"line":121,"column":20}}},"fnMap":{"0":{"name":"(anonymous_0)","decl":{"start":{"line":7,"column":2},"end":{"line":7,"column":3}},"loc":{"start":{"line":7,"column":31},"end":{"line":9,"column":3}},"line":7},"1":{"name":"(anonymous_1)","decl":{"start":{"line":11,"column":2},"end":{"line":11,"column":3}},"loc":{"start":{"line":11,"column":21},"end":{"line":13,"column":3}},"line":11},"2":{"name":"(anonymous_2)","decl":{"start":{"line":15,"column":2},"end":{"line":15,"column":3}},"loc":{"start":{"line":15,"column":15},"end":{"line":34,"column":3}},"line":15},"3":{"name":"(anonymous_3)","decl":{"start":{"line":18,"column":23},"end":{"line":18,"column":24}},"loc":{"start":{"line":18,"column":43},"end":{"line":33,"column":5}},"line":18},"4":{"name":"(anonymous_4)","decl":{"start":{"line":21,"column":55},"end":{"line":21,"column":56}},"loc":{"start":{"line":21,"column":82},"end":{"line":28,"column":9}},"line":21},"5":{"name":"(anonymous_5)","decl":{"start":{"line":36,"column":2},"end":{"line":36,"column":3}},"loc":{"start":{"line":36,"column":23},"end":{"line":55,"column":3}},"line":36},"6":{"name":"(anonymous_6)","decl":{"start":{"line":39,"column":23},"end":{"line":39,"column":24}},"loc":{"start":{"line":39,"column":43},"end":{"line":54,"column":5}},"line":39},"7":{"name":"(anonymous_7)","decl":{"start":{"line":42,"column":74},"end":{"line":42,"column":75}},"loc":{"start":{"line":42,"column":101},"end":{"line":49,"column":9}},"line":42},"8":{"name":"(anonymous_8)","decl":{"start":{"line":57,"column":2},"end":{"line":57,"column":3}},"loc":{"start":{"line":57,"column":32},"end":{"line":76,"column":3}},"line":57},"9":{"name":"(anonymous_9)","decl":{"start":{"line":60,"column":23},"end":{"line":60,"column":24}},"loc":{"start":{"line":60,"column":43},"end":{"line":75,"column":5}},"line":60},"10":{"name":"(anonymous_10)","decl":{"start":{"line":63,"column":83},"end":{"line":63,"column":84}},"loc":{"start":{"line":63,"column":110},"end":{"line":70,"column":9}},"line":63},"11":{"name":"(anonymous_11)","decl":{"start":{"line":78,"column":2},"end":{"line":78,"column":3}},"loc":{"start":{"line":78,"column":30},"end":{"line":97,"column":3}},"line":78},"12":{"name":"(anonymous_12)","decl":{"start":{"line":81,"column":23},"end":{"line":81,"column":24}},"loc":{"start":{"line":81,"column":43},"end":{"line":96,"column":5}},"line":81},"13":{"name":"(anonymous_13)","decl":{"start":{"line":84,"column":81},"end":{"line":84,"column":82}},"loc":{"start":{"line":84,"column":108},"end":{"line":91,"column":9}},"line":84},"14":{"name":"(anonymous_14)","decl":{"start":{"line":99,"column":2},"end":{"line":99,"column":3}},"loc":{"start":{"line":99,"column":39},"end":{"line":118,"column":3}},"line":99},"15":{"name":"(anonymous_15)","decl":{"start":{"line":102,"column":23},"end":{"line":102,"column":24}},"loc":{"start":{"line":102,"column":43},"end":{"line":117,"column":5}},"line":102},"16":{"name":"(anonymous_16)","decl":{"start":{"line":105,"column":90},"end":{"line":105,"column":91}},"loc":{"start":{"line":105,"column":117},"end":{"line":112,"column":9}},"line":105}},"branchMap":{"0":{"loc":{"start":{"line":22,"column":10},"end":{"line":27,"column":11}},"type":"if","locations":[{"start":{"line":22,"column":10},"end":{"line":27,"column":11}},{"start":{"line":22,"column":10},"end":{"line":27,"column":11}}],"line":22},"1":{"loc":{"start":{"line":43,"column":10},"end":{"line":48,"column":11}},"type":"if","locations":[{"start":{"line":43,"column":10},"end":{"line":48,"column":11}},{"start":{"line":43,"column":10},"end":{"line":48,"column":11}}],"line":43},"2":{"loc":{"start":{"line":64,"column":10},"end":{"line":69,"column":11}},"type":"if","locations":[{"start":{"line":64,"column":10},"end":{"line":69,"column":11}},{"start":{"line":64,"column":10},"end":{"line":69,"column":11}}],"line":64},"3":{"loc":{"start":{"line":85,"column":10},"end":{"line":90,"column":11}},"type":"if","locations":[{"start":{"line":85,"column":10},"end":{"line":90,"column":11}},{"start":{"line":85,"column":10},"end":{"line":90,"column":11}}],"line":85},"4":{"loc":{"start":{"line":106,"column":10},"end":{"line":111,"column":11}},"type":"if","locations":[{"start":{"line":106,"column":10},"end":{"line":111,"column":11}},{"start":{"line":106,"column":10},"end":{"line":111,"column":11}}],"line":106}},"s":{"0":0,"1":0,"2":0,"3":0,"4":0,"5":0,"6":0,"7":0,"8":0,"9":0,"10":0,"11":0,"12":0,"13":0,"14":0,"15":0,"16":0,"17":0,"18":0,"19":0,"20":0,"21":0,"22":0,"23":0,"24":0,"25":0,"26":0,"27":0,"28":0,"29":0,"30":0,"31":0,"32":0,"33":0,"34":0,"35":0,"36":0,"37":0,"38":0,"39":0,"40":0,"41":0,"42":0,"43":0,"44":0,"45":0,"46":0,"47":0,"48":0,"49":0,"50":0,"51":0,"52":0,"53":0,"54":0,"55":0,"56":0,"57":0,"58":0,"59":0,"60":0,"61":0,"62":0,"63":0,"64":0},"f":{"0":0,"1":0,"2":0,"3":0,"4":0,"5":0,"6":0,"7":0,"8":0,"9":0,"10":0,"11":0,"12":0,"13":0,"14":0,"15":0,"16":0},"b":{"0":[0,0],"1":[0,0],"2":[0,0],"3":[0,0],"4":[0,0]},"all":true},"D:\\Magang\\Telkom DBT\\Repo\\C3\\Services\\GitlabRepo\\product-service\\bin\\helpers\\databases\\mongodb\\connection.js":{"path":"D:\\Magang\\Telkom DBT\\Repo\\C3\\Services\\GitlabRepo\\product-service\\bin\\helpers\\databases\\mongodb\\connection.js","statementMap":{"0":{"start":{"line":3,"column":14},"end":{"line":3,"column":44}},"1":{"start":{"line":4,"column":16},"end":{"line":4,"column":46}},"2":{"start":{"line":5,"column":17},"end":{"line":5,"column":39}},"3":{"start":{"line":7,"column":15},"end":{"line":7,"column":62}},"4":{"start":{"line":9,"column":21},"end":{"line":9,"column":23}},"5":{"start":{"line":10,"column":19},"end":{"line":14,"column":1}},"6":{"start":{"line":12,"column":26},"end":{"line":12,"column":58}},"7":{"start":{"line":13,"column":2},"end":{"line":13,"column":25}},"8":{"start":{"line":15,"column":13},"end":{"line":18,"column":1}},"9":{"start":{"line":16,"column":2},"end":{"line":16,"column":22}},"10":{"start":{"line":17,"column":2},"end":{"line":17,"column":25}},"11":{"start":{"line":20,"column":26},"end":{"line":25,"column":1}},"12":{"start":{"line":21,"column":26},"end":{"line":21,"column":38}},"13":{"start":{"line":22,"column":2},"end":{"line":22,"column":28}},"14":{"start":{"line":23,"column":2},"end":{"line":23,"column":53}},"15":{"start":{"line":24,"column":2},"end":{"line":24,"column":39}},"16":{"start":{"line":27,"column":29},"end":{"line":36,"column":1}},"17":{"start":{"line":28,"column":2},"end":{"line":35,"column":5}},"18":{"start":{"line":29,"column":19},"end":{"line":29,"column":67}},"19":{"start":{"line":30,"column":4},"end":{"line":34,"column":5}},"20":{"start":{"line":31,"column":6},"end":{"line":31,"column":51}},"21":{"start":{"line":33,"column":6},"end":{"line":33,"column":45}},"22":{"start":{"line":38,"column":25},"end":{"line":47,"column":1}},"23":{"start":{"line":39,"column":18},"end":{"line":39,"column":92}},"24":{"start":{"line":40,"column":2},"end":{"line":46,"column":3}},"25":{"start":{"line":41,"column":23},"end":{"line":41,"column":58}},"26":{"start":{"line":42,"column":4},"end":{"line":42,"column":36}},"27":{"start":{"line":45,"column":4},"end":{"line":45,"column":46}},"28":{"start":{"line":49,"column":26},"end":{"line":61,"column":1}},"29":{"start":{"line":50,"column":14},"end":{"line":50,"column":16}},"30":{"start":{"line":51,"column":2},"end":{"line":55,"column":5}},"31":{"start":{"line":52,"column":4},"end":{"line":54,"column":5}},"32":{"start":{"line":53,"column":6},"end":{"line":53,"column":32}},"33":{"start":{"line":56,"column":2},"end":{"line":58,"column":3}},"34":{"start":{"line":57,"column":4},"end":{"line":57,"column":89}},"35":{"start":{"line":59,"column":2},"end":{"line":59,"column":29}},"36":{"start":{"line":63,"column":20},"end":{"line":69,"column":1}},"37":{"start":{"line":64,"column":21},"end":{"line":64,"column":29}},"38":{"start":{"line":65,"column":2},"end":{"line":67,"column":3}},"39":{"start":{"line":66,"column":4},"end":{"line":66,"column":95}},"40":{"start":{"line":68,"column":2},"end":{"line":68,"column":29}},"41":{"start":{"line":71,"column":22},"end":{"line":95,"column":1}},"42":{"start":{"line":73,"column":26},"end":{"line":82,"column":3}},"43":{"start":{"line":74,"column":19},"end":{"line":74,"column":50}},"44":{"start":{"line":75,"column":4},"end":{"line":77,"column":5}},"45":{"start":{"line":76,"column":6},"end":{"line":76,"column":20}},"46":{"start":{"line":78,"column":23},"end":{"line":78,"column":53}},"47":{"start":{"line":79,"column":4},"end":{"line":79,"column":40}},"48":{"start":{"line":80,"column":4},"end":{"line":80,"column":22}},"49":{"start":{"line":83,"column":17},"end":{"line":83,"column":40}},"50":{"start":{"line":84,"column":2},"end":{"line":92,"column":3}},"51":{"start":{"line":85,"column":18},"end":{"line":85,"column":48}},"52":{"start":{"line":86,"column":4},"end":{"line":88,"column":5}},"53":{"start":{"line":87,"column":6},"end":{"line":87,"column":59}},"54":{"start":{"line":89,"column":4},"end":{"line":89,"column":52}},"55":{"start":{"line":90,"column":4},"end":{"line":90,"column":57}},"56":{"start":{"line":93,"column":2},"end":{"line":93,"column":16}},"57":{"start":{"line":97,"column":0},"end":{"line":100,"column":2}}},"fnMap":{"0":{"name":"(anonymous_0)","decl":{"start":{"line":10,"column":19},"end":{"line":10,"column":20}},"loc":{"start":{"line":11,"column":0},"end":{"line":14,"column":1}},"line":11},"1":{"name":"(anonymous_1)","decl":{"start":{"line":15,"column":13},"end":{"line":15,"column":14}},"loc":{"start":{"line":15,"column":19},"end":{"line":18,"column":1}},"line":15},"2":{"name":"(anonymous_2)","decl":{"start":{"line":20,"column":26},"end":{"line":20,"column":27}},"loc":{"start":{"line":20,"column":32},"end":{"line":25,"column":1}},"line":20},"3":{"name":"(anonymous_3)","decl":{"start":{"line":27,"column":29},"end":{"line":27,"column":30}},"loc":{"start":{"line":27,"column":41},"end":{"line":36,"column":1}},"line":27},"4":{"name":"(anonymous_4)","decl":{"start":{"line":28,"column":21},"end":{"line":28,"column":22}},"loc":{"start":{"line":28,"column":56},"end":{"line":35,"column":3}},"line":28},"5":{"name":"(anonymous_5)","decl":{"start":{"line":38,"column":25},"end":{"line":38,"column":26}},"loc":{"start":{"line":38,"column":43},"end":{"line":47,"column":1}},"line":38},"6":{"name":"(anonymous_6)","decl":{"start":{"line":49,"column":26},"end":{"line":49,"column":27}},"loc":{"start":{"line":49,"column":44},"end":{"line":61,"column":1}},"line":49},"7":{"name":"(anonymous_7)","decl":{"start":{"line":51,"column":21},"end":{"line":51,"column":22}},"loc":{"start":{"line":51,"column":50},"end":{"line":55,"column":3}},"line":51},"8":{"name":"(anonymous_8)","decl":{"start":{"line":63,"column":20},"end":{"line":63,"column":21}},"loc":{"start":{"line":63,"column":37},"end":{"line":69,"column":1}},"line":63},"9":{"name":"(anonymous_9)","decl":{"start":{"line":71,"column":22},"end":{"line":71,"column":23}},"loc":{"start":{"line":71,"column":40},"end":{"line":95,"column":1}},"line":71},"10":{"name":"(anonymous_10)","decl":{"start":{"line":73,"column":26},"end":{"line":73,"column":27}},"loc":{"start":{"line":73,"column":38},"end":{"line":82,"column":3}},"line":73}},"branchMap":{"0":{"loc":{"start":{"line":30,"column":4},"end":{"line":34,"column":5}},"type":"if","locations":[{"start":{"line":30,"column":4},"end":{"line":34,"column":5}},{"start":{"line":30,"column":4},"end":{"line":34,"column":5}}],"line":30},"1":{"loc":{"start":{"line":52,"column":4},"end":{"line":54,"column":5}},"type":"if","locations":[{"start":{"line":52,"column":4},"end":{"line":54,"column":5}},{"start":{"line":52,"column":4},"end":{"line":54,"column":5}}],"line":52},"2":{"loc":{"start":{"line":56,"column":2},"end":{"line":58,"column":3}},"type":"if","locations":[{"start":{"line":56,"column":2},"end":{"line":58,"column":3}},{"start":{"line":56,"column":2},"end":{"line":58,"column":3}}],"line":56},"3":{"loc":{"start":{"line":65,"column":2},"end":{"line":67,"column":3}},"type":"if","locations":[{"start":{"line":65,"column":2},"end":{"line":67,"column":3}},{"start":{"line":65,"column":2},"end":{"line":67,"column":3}}],"line":65},"4":{"loc":{"start":{"line":75,"column":4},"end":{"line":77,"column":5}},"type":"if","locations":[{"start":{"line":75,"column":4},"end":{"line":77,"column":5}},{"start":{"line":75,"column":4},"end":{"line":77,"column":5}}],"line":75},"5":{"loc":{"start":{"line":84,"column":2},"end":{"line":92,"column":3}},"type":"if","locations":[{"start":{"line":84,"column":2},"end":{"line":92,"column":3}},{"start":{"line":84,"column":2},"end":{"line":92,"column":3}}],"line":84},"6":{"loc":{"start":{"line":86,"column":4},"end":{"line":88,"column":5}},"type":"if","locations":[{"start":{"line":86,"column":4},"end":{"line":88,"column":5}},{"start":{"line":86,"column":4},"end":{"line":88,"column":5}}],"line":86}},"s":{"0":0,"1":0,"2":0,"3":0,"4":0,"5":0,"6":0,"7":0,"8":0,"9":0,"10":0,"11":0,"12":0,"13":0,"14":0,"15":0,"16":0,"17":0,"18":0,"19":0,"20":0,"21":0,"22":0,"23":0,"24":0,"25":0,"26":0,"27":0,"28":0,"29":0,"30":0,"31":0,"32":0,"33":0,"34":0,"35":0,"36":0,"37":0,"38":0,"39":0,"40":0,"41":0,"42":0,"43":0,"44":0,"45":0,"46":0,"47":0,"48":0,"49":0,"50":0,"51":0,"52":0,"53":0,"54":0,"55":0,"56":0,"57":0},"f":{"0":0,"1":0,"2":0,"3":0,"4":0,"5":0,"6":0,"7":0,"8":0,"9":0,"10":0},"b":{"0":[0,0],"1":[0,0],"2":[0,0],"3":[0,0],"4":[0,0],"5":[0,0],"6":[0,0]},"all":true},"D:\\Magang\\Telkom DBT\\Repo\\C3\\Services\\GitlabRepo\\product-service\\bin\\helpers\\databases\\mongodb\\db.js":{"path":"D:\\Magang\\Telkom DBT\\Repo\\C3\\Services\\GitlabRepo\\product-service\\bin\\helpers\\databases\\mongodb\\db.js","statementMap":{"0":{"start":{"line":3,"column":24},"end":{"line":3,"column":47}},"1":{"start":{"line":5,"column":16},"end":{"line":5,"column":46}},"2":{"start":{"line":6,"column":17},"end":{"line":6,"column":39}},"3":{"start":{"line":7,"column":15},"end":{"line":7,"column":44}},"4":{"start":{"line":11,"column":4},"end":{"line":11,"column":25}},"5":{"start":{"line":15,"column":4},"end":{"line":15,"column":41}},"6":{"start":{"line":19,"column":17},"end":{"line":19,"column":28}},"7":{"start":{"line":20,"column":4},"end":{"line":20,"column":37}},"8":{"start":{"line":21,"column":20},"end":{"line":21,"column":55}},"9":{"start":{"line":22,"column":19},"end":{"line":22,"column":39}},"10":{"start":{"line":23,"column":4},"end":{"line":23,"column":21}},"11":{"start":{"line":27,"column":14},"end":{"line":27,"column":31}},"12":{"start":{"line":28,"column":19},"end":{"line":28,"column":30}},"13":{"start":{"line":29,"column":19},"end":{"line":29,"column":43}},"14":{"start":{"line":30,"column":27},"end":{"line":30,"column":46}},"15":{"start":{"line":31,"column":19},"end":{"line":31,"column":62}},"16":{"start":{"line":32,"column":4},"end":{"line":35,"column":5}},"17":{"start":{"line":33,"column":6},"end":{"line":33,"column":70}},"18":{"start":{"line":34,"column":6},"end":{"line":34,"column":20}},"19":{"start":{"line":36,"column":4},"end":{"line":49,"column":5}},"20":{"start":{"line":37,"column":30},"end":{"line":37,"column":44}},"21":{"start":{"line":38,"column":25},"end":{"line":38,"column":51}},"22":{"start":{"line":39,"column":17},"end":{"line":39,"column":54}},"23":{"start":{"line":40,"column":24},"end":{"line":40,"column":51}},"24":{"start":{"line":41,"column":6},"end":{"line":43,"column":7}},"25":{"start":{"line":42,"column":8},"end":{"line":42,"column":78}},"26":{"start":{"line":44,"column":6},"end":{"line":44,"column":37}},"27":{"start":{"line":47,"column":6},"end":{"line":47,"column":65}},"28":{"start":{"line":48,"column":6},"end":{"line":48,"column":87}},"29":{"start":{"line":54,"column":14},"end":{"line":54,"column":32}},"30":{"start":{"line":55,"column":19},"end":{"line":55,"column":30}},"31":{"start":{"line":56,"column":19},"end":{"line":56,"column":43}},"32":{"start":{"line":57,"column":27},"end":{"line":57,"column":46}},"33":{"start":{"line":58,"column":19},"end":{"line":58,"column":62}},"34":{"start":{"line":59,"column":4},"end":{"line":62,"column":5}},"35":{"start":{"line":60,"column":6},"end":{"line":60,"column":70}},"36":{"start":{"line":61,"column":6},"end":{"line":61,"column":20}},"37":{"start":{"line":63,"column":4},"end":{"line":76,"column":5}},"38":{"start":{"line":64,"column":30},"end":{"line":64,"column":44}},"39":{"start":{"line":65,"column":25},"end":{"line":65,"column":51}},"40":{"start":{"line":66,"column":17},"end":{"line":66,"column":54}},"41":{"start":{"line":67,"column":24},"end":{"line":67,"column":58}},"42":{"start":{"line":68,"column":6},"end":{"line":70,"column":7}},"43":{"start":{"line":69,"column":8},"end":{"line":69,"column":78}},"44":{"start":{"line":71,"column":6},"end":{"line":71,"column":37}},"45":{"start":{"line":74,"column":6},"end":{"line":74,"column":65}},"46":{"start":{"line":75,"column":6},"end":{"line":75,"column":88}},"47":{"start":{"line":81,"column":14},"end":{"line":81,"column":33}},"48":{"start":{"line":82,"column":19},"end":{"line":82,"column":30}},"49":{"start":{"line":83,"column":19},"end":{"line":83,"column":43}},"50":{"start":{"line":84,"column":27},"end":{"line":84,"column":46}},"51":{"start":{"line":85,"column":19},"end":{"line":85,"column":62}},"52":{"start":{"line":86,"column":4},"end":{"line":89,"column":5}},"53":{"start":{"line":87,"column":6},"end":{"line":87,"column":70}},"54":{"start":{"line":88,"column":6},"end":{"line":88,"column":20}},"55":{"start":{"line":90,"column":4},"end":{"line":103,"column":5}},"56":{"start":{"line":91,"column":30},"end":{"line":91,"column":44}},"57":{"start":{"line":92,"column":25},"end":{"line":92,"column":51}},"58":{"start":{"line":93,"column":17},"end":{"line":93,"column":54}},"59":{"start":{"line":94,"column":24},"end":{"line":94,"column":52}},"60":{"start":{"line":95,"column":6},"end":{"line":97,"column":7}},"61":{"start":{"line":96,"column":8},"end":{"line":96,"column":94}},"62":{"start":{"line":98,"column":6},"end":{"line":98,"column":50}},"63":{"start":{"line":101,"column":6},"end":{"line":101,"column":67}},"64":{"start":{"line":102,"column":6},"end":{"line":102,"column":89}},"65":{"start":{"line":108,"column":14},"end":{"line":108,"column":34}},"66":{"start":{"line":109,"column":21},"end":{"line":109,"column":25}},"67":{"start":{"line":110,"column":19},"end":{"line":110,"column":30}},"68":{"start":{"line":111,"column":19},"end":{"line":111,"column":43}},"69":{"start":{"line":112,"column":27},"end":{"line":112,"column":46}},"70":{"start":{"line":113,"column":19},"end":{"line":113,"column":62}},"71":{"start":{"line":114,"column":4},"end":{"line":117,"column":5}},"72":{"start":{"line":115,"column":6},"end":{"line":115,"column":70}},"73":{"start":{"line":116,"column":6},"end":{"line":116,"column":20}},"74":{"start":{"line":118,"column":4},"end":{"line":131,"column":5}},"75":{"start":{"line":119,"column":30},"end":{"line":119,"column":44}},"76":{"start":{"line":120,"column":25},"end":{"line":120,"column":51}},"77":{"start":{"line":121,"column":17},"end":{"line":121,"column":54}},"78":{"start":{"line":122,"column":24},"end":{"line":122,"column":53}},"79":{"start":{"line":123,"column":6},"end":{"line":125,"column":7}},"80":{"start":{"line":124,"column":8},"end":{"line":124,"column":94}},"81":{"start":{"line":126,"column":6},"end":{"line":126,"column":50}},"82":{"start":{"line":129,"column":6},"end":{"line":129,"column":67}},"83":{"start":{"line":130,"column":6},"end":{"line":130,"column":90}},"84":{"start":{"line":136,"column":14},"end":{"line":136,"column":33}},"85":{"start":{"line":137,"column":19},"end":{"line":137,"column":30}},"86":{"start":{"line":138,"column":19},"end":{"line":138,"column":43}},"87":{"start":{"line":139,"column":27},"end":{"line":139,"column":46}},"88":{"start":{"line":140,"column":19},"end":{"line":140,"column":62}},"89":{"start":{"line":141,"column":4},"end":{"line":144,"column":5}},"90":{"start":{"line":142,"column":6},"end":{"line":142,"column":70}},"91":{"start":{"line":143,"column":6},"end":{"line":143,"column":20}},"92":{"start":{"line":145,"column":4},"end":{"line":165,"column":5}},"93":{"start":{"line":146,"column":30},"end":{"line":146,"column":44}},"94":{"start":{"line":147,"column":25},"end":{"line":147,"column":51}},"95":{"start":{"line":148,"column":17},"end":{"line":148,"column":54}},"96":{"start":{"line":149,"column":19},"end":{"line":149,"column":74}},"97":{"start":{"line":150,"column":6},"end":{"line":150,"column":31}},"98":{"start":{"line":151,"column":6},"end":{"line":161,"column":7}},"99":{"start":{"line":152,"column":26},"end":{"line":152,"column":47}},"100":{"start":{"line":153,"column":26},"end":{"line":153,"column":55}},"101":{"start":{"line":156,"column":8},"end":{"line":158,"column":9}},"102":{"start":{"line":157,"column":10},"end":{"line":157,"column":60}},"103":{"start":{"line":159,"column":8},"end":{"line":159,"column":58}},"104":{"start":{"line":163,"column":6},"end":{"line":163,"column":67}},"105":{"start":{"line":164,"column":6},"end":{"line":164,"column":85}},"106":{"start":{"line":170,"column":14},"end":{"line":170,"column":30}},"107":{"start":{"line":171,"column":19},"end":{"line":171,"column":30}},"108":{"start":{"line":172,"column":19},"end":{"line":172,"column":43}},"109":{"start":{"line":173,"column":27},"end":{"line":173,"column":46}},"110":{"start":{"line":174,"column":19},"end":{"line":174,"column":62}},"111":{"start":{"line":176,"column":4},"end":{"line":179,"column":5}},"112":{"start":{"line":177,"column":6},"end":{"line":177,"column":70}},"113":{"start":{"line":178,"column":6},"end":{"line":178,"column":20}},"114":{"start":{"line":180,"column":4},"end":{"line":194,"column":5}},"115":{"start":{"line":181,"column":30},"end":{"line":181,"column":44}},"116":{"start":{"line":182,"column":25},"end":{"line":182,"column":51}},"117":{"start":{"line":183,"column":17},"end":{"line":183,"column":54}},"118":{"start":{"line":184,"column":24},"end":{"line":184,"column":53}},"119":{"start":{"line":186,"column":6},"end":{"line":188,"column":7}},"120":{"start":{"line":187,"column":8},"end":{"line":187,"column":78}},"121":{"start":{"line":189,"column":6},"end":{"line":189,"column":78}},"122":{"start":{"line":192,"column":6},"end":{"line":192,"column":65}},"123":{"start":{"line":193,"column":6},"end":{"line":193,"column":87}},"124":{"start":{"line":200,"column":14},"end":{"line":200,"column":35}},"125":{"start":{"line":201,"column":19},"end":{"line":201,"column":30}},"126":{"start":{"line":202,"column":19},"end":{"line":202,"column":43}},"127":{"start":{"line":203,"column":27},"end":{"line":203,"column":46}},"128":{"start":{"line":204,"column":19},"end":{"line":204,"column":62}},"129":{"start":{"line":205,"column":4},"end":{"line":208,"column":5}},"130":{"start":{"line":206,"column":6},"end":{"line":206,"column":70}},"131":{"start":{"line":207,"column":6},"end":{"line":207,"column":20}},"132":{"start":{"line":209,"column":4},"end":{"line":225,"column":5}},"133":{"start":{"line":210,"column":30},"end":{"line":210,"column":44}},"134":{"start":{"line":211,"column":25},"end":{"line":211,"column":51}},"135":{"start":{"line":212,"column":17},"end":{"line":212,"column":54}},"136":{"start":{"line":213,"column":26},"end":{"line":213,"column":28}},"137":{"start":{"line":214,"column":6},"end":{"line":214,"column":35}},"138":{"start":{"line":215,"column":28},"end":{"line":215,"column":44}},"139":{"start":{"line":216,"column":24},"end":{"line":216,"column":105}},"140":{"start":{"line":217,"column":6},"end":{"line":219,"column":7}},"141":{"start":{"line":218,"column":8},"end":{"line":218,"column":78}},"142":{"start":{"line":220,"column":6},"end":{"line":220,"column":37}},"143":{"start":{"line":223,"column":6},"end":{"line":223,"column":67}},"144":{"start":{"line":224,"column":6},"end":{"line":224,"column":63}},"145":{"start":{"line":231,"column":14},"end":{"line":231,"column":33}},"146":{"start":{"line":232,"column":19},"end":{"line":232,"column":30}},"147":{"start":{"line":233,"column":19},"end":{"line":233,"column":43}},"148":{"start":{"line":234,"column":27},"end":{"line":234,"column":46}},"149":{"start":{"line":235,"column":19},"end":{"line":235,"column":62}},"150":{"start":{"line":236,"column":4},"end":{"line":239,"column":5}},"151":{"start":{"line":237,"column":6},"end":{"line":237,"column":70}},"152":{"start":{"line":238,"column":6},"end":{"line":238,"column":20}},"153":{"start":{"line":240,"column":4},"end":{"line":253,"column":5}},"154":{"start":{"line":241,"column":30},"end":{"line":241,"column":44}},"155":{"start":{"line":242,"column":25},"end":{"line":242,"column":51}},"156":{"start":{"line":243,"column":17},"end":{"line":243,"column":54}},"157":{"start":{"line":244,"column":24},"end":{"line":244,"column":45}},"158":{"start":{"line":245,"column":6},"end":{"line":247,"column":7}},"159":{"start":{"line":246,"column":8},"end":{"line":246,"column":78}},"160":{"start":{"line":248,"column":6},"end":{"line":248,"column":37}},"161":{"start":{"line":251,"column":6},"end":{"line":251,"column":66}},"162":{"start":{"line":252,"column":6},"end":{"line":252,"column":63}},"163":{"start":{"line":259,"column":0},"end":{"line":259,"column":20}}},"fnMap":{"0":{"name":"(anonymous_0)","decl":{"start":{"line":10,"column":2},"end":{"line":10,"column":3}},"loc":{"start":{"line":10,"column":21},"end":{"line":12,"column":3}},"line":10},"1":{"name":"(anonymous_1)","decl":{"start":{"line":14,"column":2},"end":{"line":14,"column":3}},"loc":{"start":{"line":14,"column":31},"end":{"line":16,"column":3}},"line":14},"2":{"name":"(anonymous_2)","decl":{"start":{"line":18,"column":2},"end":{"line":18,"column":3}},"loc":{"start":{"line":18,"column":21},"end":{"line":24,"column":3}},"line":18},"3":{"name":"(anonymous_3)","decl":{"start":{"line":26,"column":2},"end":{"line":26,"column":3}},"loc":{"start":{"line":26,"column":26},"end":{"line":51,"column":3}},"line":26},"4":{"name":"(anonymous_4)","decl":{"start":{"line":53,"column":2},"end":{"line":53,"column":3}},"loc":{"start":{"line":53,"column":27},"end":{"line":78,"column":3}},"line":53},"5":{"name":"(anonymous_5)","decl":{"start":{"line":80,"column":2},"end":{"line":80,"column":3}},"loc":{"start":{"line":80,"column":27},"end":{"line":105,"column":3}},"line":80},"6":{"name":"(anonymous_6)","decl":{"start":{"line":107,"column":2},"end":{"line":107,"column":3}},"loc":{"start":{"line":107,"column":24},"end":{"line":133,"column":3}},"line":107},"7":{"name":"(anonymous_7)","decl":{"start":{"line":135,"column":2},"end":{"line":135,"column":3}},"loc":{"start":{"line":135,"column":40},"end":{"line":167,"column":3}},"line":135},"8":{"name":"(anonymous_8)","decl":{"start":{"line":169,"column":2},"end":{"line":169,"column":3}},"loc":{"start":{"line":169,"column":28},"end":{"line":196,"column":3}},"line":169},"9":{"name":"(anonymous_9)","decl":{"start":{"line":199,"column":2},"end":{"line":199,"column":3}},"loc":{"start":{"line":199,"column":48},"end":{"line":228,"column":3}},"line":199},"10":{"name":"(anonymous_10)","decl":{"start":{"line":230,"column":2},"end":{"line":230,"column":3}},"loc":{"start":{"line":230,"column":24},"end":{"line":256,"column":3}},"line":230}},"branchMap":{"0":{"loc":{"start":{"line":32,"column":4},"end":{"line":35,"column":5}},"type":"if","locations":[{"start":{"line":32,"column":4},"end":{"line":35,"column":5}},{"start":{"line":32,"column":4},"end":{"line":35,"column":5}}],"line":32},"1":{"loc":{"start":{"line":41,"column":6},"end":{"line":43,"column":7}},"type":"if","locations":[{"start":{"line":41,"column":6},"end":{"line":43,"column":7}},{"start":{"line":41,"column":6},"end":{"line":43,"column":7}}],"line":41},"2":{"loc":{"start":{"line":59,"column":4},"end":{"line":62,"column":5}},"type":"if","locations":[{"start":{"line":59,"column":4},"end":{"line":62,"column":5}},{"start":{"line":59,"column":4},"end":{"line":62,"column":5}}],"line":59},"3":{"loc":{"start":{"line":68,"column":6},"end":{"line":70,"column":7}},"type":"if","locations":[{"start":{"line":68,"column":6},"end":{"line":70,"column":7}},{"start":{"line":68,"column":6},"end":{"line":70,"column":7}}],"line":68},"4":{"loc":{"start":{"line":86,"column":4},"end":{"line":89,"column":5}},"type":"if","locations":[{"start":{"line":86,"column":4},"end":{"line":89,"column":5}},{"start":{"line":86,"column":4},"end":{"line":89,"column":5}}],"line":86},"5":{"loc":{"start":{"line":95,"column":6},"end":{"line":97,"column":7}},"type":"if","locations":[{"start":{"line":95,"column":6},"end":{"line":97,"column":7}},{"start":{"line":95,"column":6},"end":{"line":97,"column":7}}],"line":95},"6":{"loc":{"start":{"line":114,"column":4},"end":{"line":117,"column":5}},"type":"if","locations":[{"start":{"line":114,"column":4},"end":{"line":117,"column":5}},{"start":{"line":114,"column":4},"end":{"line":117,"column":5}}],"line":114},"7":{"loc":{"start":{"line":123,"column":6},"end":{"line":125,"column":7}},"type":"if","locations":[{"start":{"line":123,"column":6},"end":{"line":125,"column":7}},{"start":{"line":123,"column":6},"end":{"line":125,"column":7}}],"line":123},"8":{"loc":{"start":{"line":141,"column":4},"end":{"line":144,"column":5}},"type":"if","locations":[{"start":{"line":141,"column":4},"end":{"line":144,"column":5}},{"start":{"line":141,"column":4},"end":{"line":144,"column":5}}],"line":141},"9":{"loc":{"start":{"line":151,"column":6},"end":{"line":161,"column":7}},"type":"if","locations":[{"start":{"line":151,"column":6},"end":{"line":161,"column":7}},{"start":{"line":151,"column":6},"end":{"line":161,"column":7}}],"line":151},"10":{"loc":{"start":{"line":156,"column":8},"end":{"line":158,"column":9}},"type":"if","locations":[{"start":{"line":156,"column":8},"end":{"line":158,"column":9}},{"start":{"line":156,"column":8},"end":{"line":158,"column":9}}],"line":156},"11":{"loc":{"start":{"line":176,"column":4},"end":{"line":179,"column":5}},"type":"if","locations":[{"start":{"line":176,"column":4},"end":{"line":179,"column":5}},{"start":{"line":176,"column":4},"end":{"line":179,"column":5}}],"line":176},"12":{"loc":{"start":{"line":186,"column":6},"end":{"line":188,"column":7}},"type":"if","locations":[{"start":{"line":186,"column":6},"end":{"line":188,"column":7}},{"start":{"line":186,"column":6},"end":{"line":188,"column":7}}],"line":186},"13":{"loc":{"start":{"line":205,"column":4},"end":{"line":208,"column":5}},"type":"if","locations":[{"start":{"line":205,"column":4},"end":{"line":208,"column":5}},{"start":{"line":205,"column":4},"end":{"line":208,"column":5}}],"line":205},"14":{"loc":{"start":{"line":217,"column":6},"end":{"line":219,"column":7}},"type":"if","locations":[{"start":{"line":217,"column":6},"end":{"line":219,"column":7}},{"start":{"line":217,"column":6},"end":{"line":219,"column":7}}],"line":217},"15":{"loc":{"start":{"line":236,"column":4},"end":{"line":239,"column":5}},"type":"if","locations":[{"start":{"line":236,"column":4},"end":{"line":239,"column":5}},{"start":{"line":236,"column":4},"end":{"line":239,"column":5}}],"line":236},"16":{"loc":{"start":{"line":245,"column":6},"end":{"line":247,"column":7}},"type":"if","locations":[{"start":{"line":245,"column":6},"end":{"line":247,"column":7}},{"start":{"line":245,"column":6},"end":{"line":247,"column":7}}],"line":245}},"s":{"0":0,"1":0,"2":0,"3":0,"4":0,"5":0,"6":0,"7":0,"8":0,"9":0,"10":0,"11":0,"12":0,"13":0,"14":0,"15":0,"16":0,"17":0,"18":0,"19":0,"20":0,"21":0,"22":0,"23":0,"24":0,"25":0,"26":0,"27":0,"28":0,"29":0,"30":0,"31":0,"32":0,"33":0,"34":0,"35":0,"36":0,"37":0,"38":0,"39":0,"40":0,"41":0,"42":0,"43":0,"44":0,"45":0,"46":0,"47":0,"48":0,"49":0,"50":0,"51":0,"52":0,"53":0,"54":0,"55":0,"56":0,"57":0,"58":0,"59":0,"60":0,"61":0,"62":0,"63":0,"64":0,"65":0,"66":0,"67":0,"68":0,"69":0,"70":0,"71":0,"72":0,"73":0,"74":0,"75":0,"76":0,"77":0,"78":0,"79":0,"80":0,"81":0,"82":0,"83":0,"84":0,"85":0,"86":0,"87":0,"88":0,"89":0,"90":0,"91":0,"92":0,"93":0,"94":0,"95":0,"96":0,"97":0,"98":0,"99":0,"100":0,"101":0,"102":0,"103":0,"104":0,"105":0,"106":0,"107":0,"108":0,"109":0,"110":0,"111":0,"112":0,"113":0,"114":0,"115":0,"116":0,"117":0,"118":0,"119":0,"120":0,"121":0,"122":0,"123":0,"124":0,"125":0,"126":0,"127":0,"128":0,"129":0,"130":0,"131":0,"132":0,"133":0,"134":0,"135":0,"136":0,"137":0,"138":0,"139":0,"140":0,"141":0,"142":0,"143":0,"144":0,"145":0,"146":0,"147":0,"148":0,"149":0,"150":0,"151":0,"152":0,"153":0,"154":0,"155":0,"156":0,"157":0,"158":0,"159":0,"160":0,"161":0,"162":0,"163":0},"f":{"0":0,"1":0,"2":0,"3":0,"4":0,"5":0,"6":0,"7":0,"8":0,"9":0,"10":0},"b":{"0":[0,0],"1":[0,0],"2":[0,0],"3":[0,0],"4":[0,0],"5":[0,0],"6":[0,0],"7":[0,0],"8":[0,0],"9":[0,0],"10":[0,0],"11":[0,0],"12":[0,0],"13":[0,0],"14":[0,0],"15":[0,0],"16":[0,0]},"all":true},"D:\\Magang\\Telkom DBT\\Repo\\C3\\Services\\GitlabRepo\\product-service\\bin\\helpers\\events\\event_emitter.js":{"path":"D:\\Magang\\Telkom DBT\\Repo\\C3\\Services\\GitlabRepo\\product-service\\bin\\helpers\\events\\event_emitter.js","statementMap":{},"fnMap":{},"branchMap":{},"s":{},"f":{},"b":{},"all":true},"D:\\Magang\\Telkom DBT\\Repo\\C3\\Services\\GitlabRepo\\product-service\\bin\\helpers\\events\\event_logger.js":{"path":"D:\\Magang\\Telkom DBT\\Repo\\C3\\Services\\GitlabRepo\\product-service\\bin\\helpers\\events\\event_logger.js","statementMap":{},"fnMap":{},"branchMap":{},"s":{},"f":{},"b":{},"all":true},"D:\\Magang\\Telkom DBT\\Repo\\C3\\Services\\GitlabRepo\\product-service\\bin\\helpers\\events\\event_publisher.js":{"path":"D:\\Magang\\Telkom DBT\\Repo\\C3\\Services\\GitlabRepo\\product-service\\bin\\helpers\\events\\event_publisher.js","statementMap":{},"fnMap":{},"branchMap":{},"s":{},"f":{},"b":{},"all":true},"D:\\Magang\\Telkom DBT\\Repo\\C3\\Services\\GitlabRepo\\product-service\\bin\\helpers\\utils\\common.js":{"path":"D:\\Magang\\Telkom DBT\\Repo\\C3\\Services\\GitlabRepo\\product-service\\bin\\helpers\\utils\\common.js","statementMap":{"0":{"start":{"line":2,"column":15},"end":{"line":2,"column":32}},"1":{"start":{"line":4,"column":23},"end":{"line":8,"column":1}},"2":{"start":{"line":5,"column":13},"end":{"line":5,"column":44}},"3":{"start":{"line":6,"column":2},"end":{"line":6,"column":43}},"4":{"start":{"line":7,"column":2},"end":{"line":7,"column":22}},"5":{"start":{"line":10,"column":16},"end":{"line":15,"column":1}},"6":{"start":{"line":11,"column":15},"end":{"line":11,"column":56}},"7":{"start":{"line":12,"column":16},"end":{"line":12,"column":48}},"8":{"start":{"line":13,"column":2},"end":{"line":13,"column":33}},"9":{"start":{"line":14,"column":2},"end":{"line":14,"column":17}},"10":{"start":{"line":17,"column":16},"end":{"line":22,"column":1}},"11":{"start":{"line":18,"column":17},"end":{"line":18,"column":60}},"12":{"start":{"line":19,"column":12},"end":{"line":19,"column":46}},"13":{"start":{"line":20,"column":2},"end":{"line":20,"column":32}},"14":{"start":{"line":21,"column":2},"end":{"line":21,"column":13}},"15":{"start":{"line":24,"column":0},"end":{"line":28,"column":2}}},"fnMap":{"0":{"name":"(anonymous_0)","decl":{"start":{"line":4,"column":23},"end":{"line":4,"column":24}},"loc":{"start":{"line":4,"column":38},"end":{"line":8,"column":1}},"line":4},"1":{"name":"(anonymous_1)","decl":{"start":{"line":10,"column":16},"end":{"line":10,"column":17}},"loc":{"start":{"line":10,"column":54},"end":{"line":15,"column":1}},"line":10},"2":{"name":"(anonymous_2)","decl":{"start":{"line":17,"column":16},"end":{"line":17,"column":17}},"loc":{"start":{"line":17,"column":54},"end":{"line":22,"column":1}},"line":17}},"branchMap":{},"s":{"0":0,"1":0,"2":0,"3":0,"4":0,"5":0,"6":0,"7":0,"8":0,"9":0,"10":0,"11":0,"12":0,"13":0,"14":0,"15":0},"f":{"0":0,"1":0,"2":0},"b":{},"all":true},"D:\\Magang\\Telkom DBT\\Repo\\C3\\Services\\GitlabRepo\\product-service\\bin\\helpers\\utils\\end_to_end_testing.js":{"path":"D:\\Magang\\Telkom DBT\\Repo\\C3\\Services\\GitlabRepo\\product-service\\bin\\helpers\\utils\\end_to_end_testing.js","statementMap":{},"fnMap":{},"branchMap":{},"s":{},"f":{},"b":{},"all":true},"D:\\Magang\\Telkom DBT\\Repo\\C3\\Services\\GitlabRepo\\product-service\\bin\\helpers\\utils\\integration_testing.js":{"path":"D:\\Magang\\Telkom DBT\\Repo\\C3\\Services\\GitlabRepo\\product-service\\bin\\helpers\\utils\\integration_testing.js","statementMap":{},"fnMap":{},"branchMap":{},"s":{},"f":{},"b":{},"all":true},"D:\\Magang\\Telkom DBT\\Repo\\C3\\Services\\GitlabRepo\\product-service\\bin\\helpers\\utils\\logger.js":{"path":"D:\\Magang\\Telkom DBT\\Repo\\C3\\Services\\GitlabRepo\\product-service\\bin\\helpers\\utils\\logger.js","statementMap":{},"fnMap":{},"branchMap":{},"s":{},"f":{},"b":{},"all":true},"D:\\Magang\\Telkom DBT\\Repo\\C3\\Services\\GitlabRepo\\product-service\\bin\\helpers\\utils\\unit_testing.js":{"path":"D:\\Magang\\Telkom DBT\\Repo\\C3\\Services\\GitlabRepo\\product-service\\bin\\helpers\\utils\\unit_testing.js","statementMap":{},"fnMap":{},"branchMap":{},"s":{},"f":{},"b":{},"all":true},"D:\\Magang\\Telkom DBT\\Repo\\C3\\Services\\GitlabRepo\\product-service\\bin\\helpers\\utils\\wrapper.js":{"path":"D:\\Magang\\Telkom DBT\\Repo\\C3\\Services\\GitlabRepo\\product-service\\bin\\helpers\\utils\\wrapper.js","statementMap":{"0":{"start":{"line":3,"column":13},"end":{"line":5,"column":1}},"1":{"start":{"line":4,"column":2},"end":{"line":4,"column":60}},"2":{"start":{"line":7,"column":23},"end":{"line":9,"column":1}},"3":{"start":{"line":8,"column":2},"end":{"line":8,"column":70}},"4":{"start":{"line":11,"column":14},"end":{"line":13,"column":1}},"5":{"start":{"line":12,"column":2},"end":{"line":12,"column":57}},"6":{"start":{"line":15,"column":17},"end":{"line":39,"column":1}},"7":{"start":{"line":16,"column":2},"end":{"line":18,"column":3}},"8":{"start":{"line":17,"column":4},"end":{"line":17,"column":29}},"9":{"start":{"line":19,"column":2},"end":{"line":21,"column":3}},"10":{"start":{"line":20,"column":4},"end":{"line":20,"column":23}},"11":{"start":{"line":22,"column":15},"end":{"line":22,"column":20}},"12":{"start":{"line":23,"column":2},"end":{"line":30,"column":3}},"13":{"start":{"line":25,"column":4},"end":{"line":25,"column":19}},"14":{"start":{"line":26,"column":4},"end":{"line":26,"column":10}},"15":{"start":{"line":28,"column":4},"end":{"line":28,"column":18}},"16":{"start":{"line":29,"column":4},"end":{"line":29,"column":10}},"17":{"start":{"line":31,"column":2},"end":{"line":38,"column":4}},"18":{"start":{"line":41,"column":27},"end":{"line":66,"column":1}},"19":{"start":{"line":42,"column":2},"end":{"line":44,"column":3}},"20":{"start":{"line":43,"column":4},"end":{"line":43,"column":29}},"21":{"start":{"line":45,"column":2},"end":{"line":47,"column":3}},"22":{"start":{"line":46,"column":4},"end":{"line":46,"column":23}},"23":{"start":{"line":48,"column":15},"end":{"line":48,"column":22}},"24":{"start":{"line":49,"column":2},"end":{"line":56,"column":3}},"25":{"start":{"line":51,"column":4},"end":{"line":51,"column":20}},"26":{"start":{"line":52,"column":4},"end":{"line":52,"column":10}},"27":{"start":{"line":54,"column":4},"end":{"line":54,"column":23}},"28":{"start":{"line":55,"column":4},"end":{"line":55,"column":10}},"29":{"start":{"line":57,"column":2},"end":{"line":65,"column":4}},"30":{"start":{"line":68,"column":0},"end":{"line":74,"column":2}}},"fnMap":{"0":{"name":"(anonymous_0)","decl":{"start":{"line":3,"column":13},"end":{"line":3,"column":14}},"loc":{"start":{"line":3,"column":47},"end":{"line":5,"column":1}},"line":3},"1":{"name":"(anonymous_1)","decl":{"start":{"line":7,"column":23},"end":{"line":7,"column":24}},"loc":{"start":{"line":7,"column":62},"end":{"line":9,"column":1}},"line":7},"2":{"name":"(anonymous_2)","decl":{"start":{"line":11,"column":14},"end":{"line":11,"column":15}},"loc":{"start":{"line":11,"column":44},"end":{"line":13,"column":1}},"line":11},"3":{"name":"(anonymous_3)","decl":{"start":{"line":15,"column":17},"end":{"line":15,"column":18}},"loc":{"start":{"line":15,"column":51},"end":{"line":39,"column":1}},"line":15},"4":{"name":"(anonymous_4)","decl":{"start":{"line":41,"column":27},"end":{"line":41,"column":28}},"loc":{"start":{"line":41,"column":71},"end":{"line":66,"column":1}},"line":41}},"branchMap":{"0":{"loc":{"start":{"line":3,"column":19},"end":{"line":3,"column":33}},"type":"default-arg","locations":[{"start":{"line":3,"column":31},"end":{"line":3,"column":33}}],"line":3},"1":{"loc":{"start":{"line":3,"column":34},"end":{"line":3,"column":42}},"type":"default-arg","locations":[{"start":{"line":3,"column":39},"end":{"line":3,"column":42}}],"line":3},"2":{"loc":{"start":{"line":7,"column":34},"end":{"line":7,"column":48}},"type":"default-arg","locations":[{"start":{"line":7,"column":46},"end":{"line":7,"column":48}}],"line":7},"3":{"loc":{"start":{"line":7,"column":49},"end":{"line":7,"column":57}},"type":"default-arg","locations":[{"start":{"line":7,"column":54},"end":{"line":7,"column":57}}],"line":7},"4":{"loc":{"start":{"line":11,"column":31},"end":{"line":11,"column":39}},"type":"default-arg","locations":[{"start":{"line":11,"column":36},"end":{"line":11,"column":39}}],"line":11},"5":{"loc":{"start":{"line":16,"column":2},"end":{"line":18,"column":3}},"type":"if","locations":[{"start":{"line":16,"column":2},"end":{"line":18,"column":3}},{"start":{"line":16,"column":2},"end":{"line":18,"column":3}}],"line":16},"6":{"loc":{"start":{"line":19,"column":2},"end":{"line":21,"column":3}},"type":"if","locations":[{"start":{"line":19,"column":2},"end":{"line":21,"column":3}},{"start":{"line":19,"column":2},"end":{"line":21,"column":3}}],"line":19},"7":{"loc":{"start":{"line":23,"column":2},"end":{"line":30,"column":3}},"type":"switch","locations":[{"start":{"line":24,"column":2},"end":{"line":26,"column":10}},{"start":{"line":27,"column":2},"end":{"line":29,"column":10}}],"line":23},"8":{"loc":{"start":{"line":41,"column":44},"end":{"line":41,"column":56}},"type":"default-arg","locations":[{"start":{"line":41,"column":52},"end":{"line":41,"column":56}}],"line":41},"9":{"loc":{"start":{"line":41,"column":57},"end":{"line":41,"column":66}},"type":"default-arg","locations":[{"start":{"line":41,"column":62},"end":{"line":41,"column":66}}],"line":41},"10":{"loc":{"start":{"line":42,"column":2},"end":{"line":44,"column":3}},"type":"if","locations":[{"start":{"line":42,"column":2},"end":{"line":44,"column":3}},{"start":{"line":42,"column":2},"end":{"line":44,"column":3}}],"line":42},"11":{"loc":{"start":{"line":45,"column":2},"end":{"line":47,"column":3}},"type":"if","locations":[{"start":{"line":45,"column":2},"end":{"line":47,"column":3}},{"start":{"line":45,"column":2},"end":{"line":47,"column":3}}],"line":45},"12":{"loc":{"start":{"line":49,"column":2},"end":{"line":56,"column":3}},"type":"switch","locations":[{"start":{"line":50,"column":2},"end":{"line":52,"column":10}},{"start":{"line":53,"column":2},"end":{"line":55,"column":10}}],"line":49}},"s":{"0":0,"1":0,"2":0,"3":0,"4":0,"5":0,"6":0,"7":0,"8":0,"9":0,"10":0,"11":0,"12":0,"13":0,"14":0,"15":0,"16":0,"17":0,"18":0,"19":0,"20":0,"21":0,"22":0,"23":0,"24":0,"25":0,"26":0,"27":0,"28":0,"29":0,"30":0},"f":{"0":0,"1":0,"2":0,"3":0,"4":0},"b":{"0":[0],"1":[0],"2":[0],"3":[0],"4":[0],"5":[0,0],"6":[0,0],"7":[0,0],"8":[0],"9":[0],"10":[0,0],"11":[0,0],"12":[0,0]},"all":true},"D:\\Magang\\Telkom DBT\\Repo\\C3\\Services\\GitlabRepo\\product-service\\bin\\helpers\\workers\\eventings\\batch.js":{"path":"D:\\Magang\\Telkom DBT\\Repo\\C3\\Services\\GitlabRepo\\product-service\\bin\\helpers\\workers\\eventings\\batch.js","statementMap":{},"fnMap":{},"branchMap":{},"s":{},"f":{},"b":{},"all":true},"D:\\Magang\\Telkom DBT\\Repo\\C3\\Services\\GitlabRepo\\product-service\\bin\\infra\\configs\\config.js":{"path":"D:\\Magang\\Telkom DBT\\Repo\\C3\\Services\\GitlabRepo\\product-service\\bin\\infra\\configs\\config.js","statementMap":{"0":{"start":{"line":3,"column":0},"end":{"line":8,"column":2}},"1":{"start":{"line":4,"column":2},"end":{"line":4,"column":34}},"2":{"start":{"line":5,"column":2},"end":{"line":7,"column":5}}},"fnMap":{"0":{"name":"(anonymous_0)","decl":{"start":{"line":3,"column":34},"end":{"line":3,"column":35}},"loc":{"start":{"line":3,"column":45},"end":{"line":8,"column":1}},"line":3}},"branchMap":{},"s":{"0":0,"1":0,"2":0},"f":{"0":0},"b":{},"all":true},"D:\\Magang\\Telkom DBT\\Repo\\C3\\Services\\GitlabRepo\\product-service\\bin\\infra\\configs\\global_config.js":{"path":"D:\\Magang\\Telkom DBT\\Repo\\C3\\Services\\GitlabRepo\\product-service\\bin\\infra\\configs\\global_config.js","statementMap":{"0":{"start":{"line":3,"column":14},"end":{"line":3,"column":30}},"1":{"start":{"line":5,"column":19},"end":{"line":7,"column":1}},"2":{"start":{"line":6,"column":2},"end":{"line":6,"column":37}},"3":{"start":{"line":9,"column":21},"end":{"line":11,"column":1}},"4":{"start":{"line":10,"column":2},"end":{"line":10,"column":37}},"5":{"start":{"line":13,"column":25},"end":{"line":15,"column":1}},"6":{"start":{"line":14,"column":2},"end":{"line":14,"column":53}},"7":{"start":{"line":17,"column":30},"end":{"line":19,"column":1}},"8":{"start":{"line":18,"column":2},"end":{"line":18,"column":56}},"9":{"start":{"line":21,"column":23},"end":{"line":23,"column":1}},"10":{"start":{"line":22,"column":2},"end":{"line":22,"column":35}},"11":{"start":{"line":25,"column":25},"end":{"line":27,"column":1}},"12":{"start":{"line":26,"column":2},"end":{"line":26,"column":37}},"13":{"start":{"line":29,"column":21},"end":{"line":31,"column":1}},"14":{"start":{"line":30,"column":2},"end":{"line":30,"column":38}},"15":{"start":{"line":33,"column":22},"end":{"line":35,"column":1}},"16":{"start":{"line":34,"column":2},"end":{"line":34,"column":39}},"17":{"start":{"line":37,"column":0},"end":{"line":46,"column":2}}},"fnMap":{"0":{"name":"(anonymous_0)","decl":{"start":{"line":5,"column":19},"end":{"line":5,"column":20}},"loc":{"start":{"line":5,"column":25},"end":{"line":7,"column":1}},"line":5},"1":{"name":"(anonymous_1)","decl":{"start":{"line":9,"column":21},"end":{"line":9,"column":22}},"loc":{"start":{"line":9,"column":27},"end":{"line":11,"column":1}},"line":9},"2":{"name":"(anonymous_2)","decl":{"start":{"line":13,"column":25},"end":{"line":13,"column":26}},"loc":{"start":{"line":13,"column":31},"end":{"line":15,"column":1}},"line":13},"3":{"name":"(anonymous_3)","decl":{"start":{"line":17,"column":30},"end":{"line":17,"column":31}},"loc":{"start":{"line":17,"column":36},"end":{"line":19,"column":1}},"line":17},"4":{"name":"(anonymous_4)","decl":{"start":{"line":21,"column":23},"end":{"line":21,"column":24}},"loc":{"start":{"line":21,"column":29},"end":{"line":23,"column":1}},"line":21},"5":{"name":"(anonymous_5)","decl":{"start":{"line":25,"column":25},"end":{"line":25,"column":26}},"loc":{"start":{"line":25,"column":31},"end":{"line":27,"column":1}},"line":25},"6":{"name":"(anonymous_6)","decl":{"start":{"line":29,"column":21},"end":{"line":29,"column":22}},"loc":{"start":{"line":29,"column":27},"end":{"line":31,"column":1}},"line":29},"7":{"name":"(anonymous_7)","decl":{"start":{"line":33,"column":22},"end":{"line":33,"column":23}},"loc":{"start":{"line":33,"column":28},"end":{"line":35,"column":1}},"line":33}},"branchMap":{},"s":{"0":0,"1":0,"2":0,"3":0,"4":0,"5":0,"6":0,"7":0,"8":0,"9":0,"10":0,"11":0,"12":0,"13":0,"14":0,"15":0,"16":0,"17":0},"f":{"0":0,"1":0,"2":0,"3":0,"4":0,"5":0,"6":0,"7":0},"b":{},"all":true},"D:\\Magang\\Telkom DBT\\Repo\\C3\\Services\\GitlabRepo\\product-service\\bin\\modules\\observer.js":{"path":"D:\\Magang\\Telkom DBT\\Repo\\C3\\Services\\GitlabRepo\\product-service\\bin\\modules\\observer.js","statementMap":{},"fnMap":{},"branchMap":{},"s":{},"f":{},"b":{},"all":true},"D:\\Magang\\Telkom DBT\\Repo\\C3\\Services\\GitlabRepo\\product-service\\bin\\modules\\product\\handlers\\api_handler.js":{"path":"D:\\Magang\\Telkom DBT\\Repo\\C3\\Services\\GitlabRepo\\product-service\\bin\\modules\\product\\handlers\\api_handler.js","statementMap":{"0":{"start":{"line":3,"column":16},"end":{"line":3,"column":57}},"1":{"start":{"line":4,"column":18},"end":{"line":4,"column":47}},"2":{"start":{"line":6,"column":21},"end":{"line":6,"column":69}},"3":{"start":{"line":7,"column":23},"end":{"line":7,"column":74}},"4":{"start":{"line":9,"column":22},"end":{"line":27,"column":1}},"5":{"start":{"line":10,"column":21},"end":{"line":10,"column":31}},"6":{"start":{"line":11,"column":24},"end":{"line":11,"column":77}},"7":{"start":{"line":13,"column":21},"end":{"line":19,"column":3}},"8":{"start":{"line":14,"column":4},"end":{"line":16,"column":5}},"9":{"start":{"line":15,"column":6},"end":{"line":15,"column":20}},"10":{"start":{"line":17,"column":4},"end":{"line":17,"column":56}},"11":{"start":{"line":21,"column":23},"end":{"line":24,"column":3}},"12":{"start":{"line":22,"column":4},"end":{"line":23,"column":82}},"13":{"start":{"line":26,"column":2},"end":{"line":26,"column":48}},"14":{"start":{"line":30,"column":23},"end":{"line":48,"column":1}},"15":{"start":{"line":31,"column":21},"end":{"line":31,"column":31}},"16":{"start":{"line":32,"column":24},"end":{"line":32,"column":78}},"17":{"start":{"line":34,"column":21},"end":{"line":40,"column":3}},"18":{"start":{"line":35,"column":4},"end":{"line":37,"column":5}},"19":{"start":{"line":36,"column":6},"end":{"line":36,"column":20}},"20":{"start":{"line":38,"column":4},"end":{"line":38,"column":57}},"21":{"start":{"line":42,"column":23},"end":{"line":45,"column":3}},"22":{"start":{"line":43,"column":4},"end":{"line":44,"column":82}},"23":{"start":{"line":47,"column":2},"end":{"line":47,"column":48}},"24":{"start":{"line":51,"column":23},"end":{"line":66,"column":1}},"25":{"start":{"line":52,"column":18},"end":{"line":52,"column":26}},"26":{"start":{"line":53,"column":24},"end":{"line":53,"column":75}},"27":{"start":{"line":54,"column":22},"end":{"line":60,"column":3}},"28":{"start":{"line":55,"column":4},"end":{"line":57,"column":5}},"29":{"start":{"line":56,"column":6},"end":{"line":56,"column":20}},"30":{"start":{"line":58,"column":4},"end":{"line":58,"column":56}},"31":{"start":{"line":61,"column":23},"end":{"line":64,"column":3}},"32":{"start":{"line":62,"column":4},"end":{"line":63,"column":79}},"33":{"start":{"line":65,"column":2},"end":{"line":65,"column":49}},"34":{"start":{"line":68,"column":24},"end":{"line":84,"column":1}},"35":{"start":{"line":69,"column":14},"end":{"line":69,"column":24}},"36":{"start":{"line":70,"column":18},"end":{"line":70,"column":26}},"37":{"start":{"line":71,"column":24},"end":{"line":71,"column":63}},"38":{"start":{"line":72,"column":23},"end":{"line":78,"column":3}},"39":{"start":{"line":73,"column":4},"end":{"line":75,"column":5}},"40":{"start":{"line":74,"column":6},"end":{"line":74,"column":20}},"41":{"start":{"line":76,"column":4},"end":{"line":76,"column":61}},"42":{"start":{"line":79,"column":23},"end":{"line":82,"column":3}},"43":{"start":{"line":80,"column":4},"end":{"line":81,"column":79}},"44":{"start":{"line":83,"column":2},"end":{"line":83,"column":50}},"45":{"start":{"line":86,"column":25},"end":{"line":101,"column":1}},"46":{"start":{"line":87,"column":18},"end":{"line":87,"column":28}},"47":{"start":{"line":88,"column":24},"end":{"line":88,"column":74}},"48":{"start":{"line":89,"column":24},"end":{"line":95,"column":3}},"49":{"start":{"line":90,"column":4},"end":{"line":92,"column":5}},"50":{"start":{"line":91,"column":6},"end":{"line":91,"column":20}},"51":{"start":{"line":93,"column":4},"end":{"line":93,"column":58}},"52":{"start":{"line":96,"column":23},"end":{"line":99,"column":3}},"53":{"start":{"line":97,"column":4},"end":{"line":98,"column":79}},"54":{"start":{"line":100,"column":2},"end":{"line":100,"column":51}},"55":{"start":{"line":103,"column":0},"end":{"line":109,"column":2}}},"fnMap":{"0":{"name":"(anonymous_0)","decl":{"start":{"line":9,"column":22},"end":{"line":9,"column":23}},"loc":{"start":{"line":9,"column":48},"end":{"line":27,"column":1}},"line":9},"1":{"name":"(anonymous_1)","decl":{"start":{"line":13,"column":21},"end":{"line":13,"column":22}},"loc":{"start":{"line":13,"column":39},"end":{"line":19,"column":3}},"line":13},"2":{"name":"(anonymous_2)","decl":{"start":{"line":21,"column":23},"end":{"line":21,"column":24}},"loc":{"start":{"line":21,"column":41},"end":{"line":24,"column":3}},"line":21},"3":{"name":"(anonymous_3)","decl":{"start":{"line":30,"column":23},"end":{"line":30,"column":24}},"loc":{"st
[...]
"31":{"start":{"line":42,"column":6},"end":{"line":42,"column":83}},"32":{"start":{"line":42,"column":44},"end":{"line":42,"column":82}},"33":{"start":{"line":43,"column":6},"end":{"line":43,"column":71}},"34":{"start":{"line":43,"column":40},"end":{"line":43,"column":70}},"35":{"start":{"line":44,"column":6},"end":{"line":44,"column":74}},"36":{"start":{"line":44,"column":41},"end":{"line":44,"column":73}},"37":{"start":{"line":45,"column":6},"end":{"line":45,"column":74}},"38":{"start":{"line":45,"column":41},"end":{"line":45,"column":73}},"39":{"start":{"line":46,"column":6},"end":{"line":46,"column":83}},"40":{"start":{"line":46,"column":44},"end":{"line":46,"column":82}},"41":{"start":{"line":47,"column":6},"end":{"line":47,"column":74}},"42":{"start":{"line":47,"column":41},"end":{"line":47,"column":73}},"43":{"start":{"line":48,"column":6},"end":{"line":48,"column":77}},"44":{"start":{"line":48,"column":42},"end":{"line":48,"column":76}},"45":{"start":{"line":49,"column":6},"end":{"line":49,"column":25}},"46":{"start":{"line":51,"column":21},"end":{"line":51,"column":25}},"47":{"start":{"line":52,"column":19},"end":{"line":52,"column":67}},"48":{"start":{"line":53,"column":4},"end":{"line":53,"column":18}},"49":{"start":{"line":57,"column":19},"end":{"line":57,"column":57}},"50":{"start":{"line":58,"column":4},"end":{"line":58,"column":18}},"51":{"start":{"line":63,"column":0},"end":{"line":63,"column":25}}},"fnMap":{"0":{"name":"(anonymous_0)","decl":{"start":{"line":18,"column":2},"end":{"line":18,"column":3}},"loc":{"start":{"line":18,"column":30},"end":{"line":35,"column":3}},"line":18},"1":{"name":"(anonymous_1)","decl":{"start":{"line":21,"column":23},"end":{"line":21,"column":24}},"loc":{"start":{"line":21,"column":47},"end":{"line":31,"column":5}},"line":21},"2":{"name":"(anonymous_2)","decl":{"start":{"line":37,"column":2},"end":{"line":37,"column":3}},"loc":{"start":{"line":37,"column":38},"end":{"line":54,"column":3}},"line":37},"3":{"name":"(anonymous_3)","decl":{"start":{"line":40,"column":23},"end":{"line":40,"column":24}},"loc":{"start":{"line":40,"column":47},"end":{"line":50,"column":5}},"line":40},"4":{"name":"(anonymous_4)","decl":{"start":{"line":56,"column":2},"end":{"line":56,"column":3}},"loc":{"start":{"line":56,"column":29},"end":{"line":59,"column":3}},"line":56}},"branchMap":{"0":{"loc":{"start":{"line":22,"column":6},"end":{"line":22,"column":65}},"type":"if","locations":[{"start":{"line":22,"column":6},"end":{"line":22,"column":65}},{"start":{"line":22,"column":6},"end":{"line":22,"column":65}}],"line":22},"1":{"loc":{"start":{"line":23,"column":6},"end":{"line":23,"column":83}},"type":"if","locations":[{"start":{"line":23,"column":6},"end":{"line":23,"column":83}},{"start":{"line":23,"column":6},"end":{"line":23,"column":83}}],"line":23},"2":{"loc":{"start":{"line":24,"column":6},"end":{"line":24,"column":71}},"type":"if","locations":[{"start":{"line":24,"column":6},"end":{"line":24,"column":71}},{"start":{"line":24,"column":6},"end":{"line":24,"column":71}}],"line":24},"3":{"loc":{"start":{"line":25,"column":6},"end":{"line":25,"column":74}},"type":"if","locations":[{"start":{"line":25,"column":6},"end":{"line":25,"column":74}},{"start":{"line":25,"column":6},"end":{"line":25,"column":74}}],"line":25},"4":{"loc":{"start":{"line":26,"column":6},"end":{"line":26,"column":74}},"type":"if","locations":[{"start":{"line":26,"column":6},"end":{"line":26,"column":74}},{"start":{"line":26,"column":6},"end":{"line":26,"column":74}}],"line":26},"5":{"loc":{"start":{"line":27,"column":6},"end":{"line":27,"column":83}},"type":"if","locations":[{"start":{"line":27,"column":6},"end":{"line":27,"column":83}},{"start":{"line":27,"column":6},"end":{"line":27,"column":83}}],"line":27},"6":{"loc":{"start":{"line":28,"column":6},"end":{"line":28,"column":74}},"type":"if","locations":[{"start":{"line":28,"column":6},"end":{"line":28,"column":74}},{"start":{"line":28,"column":6},"end":{"line":28,"column":74}}],"line":28},"7":{"loc":{"start":{"line":29,"column":6},"end":{"line":29,"column":77}},"type":"if","locations":[{"start":{"line":29,"column":6},"end":{"line":29,"column":77}},{"start":{"line":29,"column":6},"end":{"line":29,"column":77}}],"line":29},"8":{"loc":{"start":{"line":41,"column":6},"end":{"line":41,"column":65}},"type":"if","locations":[{"start":{"line":41,"column":6},"end":{"line":41,"column":65}},{"start":{"line":41,"column":6},"end":{"line":41,"column":65}}],"line":41},"9":{"loc":{"start":{"line":42,"column":6},"end":{"line":42,"column":83}},"type":"if","locations":[{"start":{"line":42,"column":6},"end":{"line":42,"column":83}},{"start":{"line":42,"column":6},"end":{"line":42,"column":83}}],"line":42},"10":{"loc":{"start":{"line":43,"column":6},"end":{"line":43,"column":71}},"type":"if","locations":[{"start":{"line":43,"column":6},"end":{"line":43,"column":71}},{"start":{"line":43,"column":6},"end":{"line":43,"column":71}}],"line":43},"11":{"loc":{"start":{"line":44,"column":6},"end":{"line":44,"column":74}},"type":"if","locations":[{"start":{"line":44,"column":6},"end":{"line":44,"column":74}},{"start":{"line":44,"column":6},"end":{"line":44,"column":74}}],"line":44},"12":{"loc":{"start":{"line":45,"column":6},"end":{"line":45,"column":74}},"type":"if","locations":[{"start":{"line":45,"column":6},"end":{"line":45,"column":74}},{"start":{"line":45,"column":6},"end":{"line":45,"column":74}}],"line":45},"13":{"loc":{"start":{"line":46,"column":6},"end":{"line":46,"column":83}},"type":"if","locations":[{"start":{"line":46,"column":6},"end":{"line":46,"column":83}},{"start":{"line":46,"column":6},"end":{"line":46,"column":83}}],"line":46},"14":{"loc":{"start":{"line":47,"column":6},"end":{"line":47,"column":74}},"type":"if","locations":[{"start":{"line":47,"column":6},"end":{"line":47,"column":74}},{"start":{"line":47,"column":6},"end":{"line":47,"column":74}}],"line":47},"15":{"loc":{"start":{"line":48,"column":6},"end":{"line":48,"column":77}},"type":"if","locations":[{"start":{"line":48,"column":6},"end":{"line":48,"column":77}},{"start":{"line":48,"column":6},"end":{"line":48,"column":77}}],"line":48}},"s":{"0":0,"1":0,"2":0,"3":0,"4":0,"5":0,"6":0,"7":0,"8":0,"9":0,"10":0,"11":0,"12":0,"13":0,"14":0,"15":0,"16":0,"17":0,"18":0,"19":0,"20":0,"21":0,"22":0,"23":0,"24":0,"25":0,"26":0,"27":0,"28":0,"29":0,"30":0,"31":0,"32":0,"33":0,"34":0,"35":0,"36":0,"37":0,"38":0,"39":0,"40":0,"41":0,"42":0,"43":0,"44":0,"45":0,"46":0,"47":0,"48":0,"49":0,"50":0,"51":0},"f":{"0":0,"1":0,"2":0,"3":0,"4":0},"b":{"0":[0,0],"1":[0,0],"2":[0,0],"3":[0,0],"4":[0,0],"5":[0,0],"6":[0,0],"7":[0,0],"8":[0,0],"9":[0,0],"10":[0,0],"11":[0,0],"12":[0,0],"13":[0,0],"14":[0,0],"15":[0,0]},"all":true},"D:\\Magang\\Telkom DBT\\Repo\\C3\\Services\\GitlabRepo\\product-service\\bin\\modules\\product\\repositories\\queries\\domain.js":{"path":"D:\\Magang\\Telkom DBT\\Repo\\C3\\Services\\GitlabRepo\\product-service\\bin\\modules\\product\\repositories\\queries\\domain.js","statementMap":{"0":{"start":{"line":6,"column":14},"end":{"line":6,"column":32}},"1":{"start":{"line":7,"column":16},"end":{"line":7,"column":60}},"2":{"start":{"line":14,"column":4},"end":{"line":14,"column":23}},"3":{"start":{"line":15,"column":4},"end":{"line":15,"column":35}},"4":{"start":{"line":16,"column":4},"end":{"line":16,"column":27}},"5":{"start":{"line":17,"column":4},"end":{"line":17,"column":29}},"6":{"start":{"line":18,"column":4},"end":{"line":18,"column":29}},"7":{"start":{"line":19,"column":4},"end":{"line":19,"column":35}},"8":{"start":{"line":20,"column":4},"end":{"line":20,"column":29}},"9":{"start":{"line":21,"column":4},"end":{"line":21,"column":31}},"10":{"start":{"line":22,"column":4},"end":{"line":22,"column":38}},"11":{"start":{"line":23,"column":4},"end":{"line":23,"column":37}},"12":{"start":{"line":27,"column":18},"end":{"line":27,"column":33}},"13":{"start":{"line":28,"column":19},"end":{"line":28,"column":52}},"14":{"start":{"line":30,"column":4},"end":{"line":32,"column":5}},"15":{"start":{"line":31,"column":6},"end":{"line":31,"column":20}},"16":{"start":{"line":33,"column":4},"end":{"line":33,"column":37}},"17":{"start":{"line":39,"column":18},"end":{"line":39,"column":20}},"18":{"start":{"line":40,"column":19},"end":{"line":40,"column":53}},"19":{"start":{"line":42,"column":4},"end":{"line":44,"column":5}},"20":{"start":{"line":43,"column":6},"end":{"line":43,"column":20}},"21":{"start":{"line":45,"column":4},"end":{"line":45,"column":37}},"22":{"start":{"line":51,"column":0},"end":{"line":51,"column":25}}},"fnMap":{"0":{"name":"(anonymous_0)","decl":{"start":{"line":13,"column":2},"end":{"line":13,"column":3}},"loc":{"start":{"line":13,"column":20},"end":{"line":24,"column":3}},"line":13},"1":{"name":"(anonymous_1)","decl":{"start":{"line":26,"column":2},"end":{"line":26,"column":3}},"loc":{"start":{"line":26,"column":24},"end":{"line":35,"column":3}},"line":26},"2":{"name":"(anonymous_2)","decl":{"start":{"line":38,"column":2},"end":{"line":38,"column":3}},"loc":{"start":{"line":38,"column":25},"end":{"line":47,"column":3}},"line":38}},"branchMap":{"0":{"loc":{"start":{"line":30,"column":4},"end":{"line":32,"column":5}},"type":"if","locations":[{"start":{"line":30,"column":4},"end":{"line":32,"column":5}},{"start":{"line":30,"column":4},"end":{"line":32,"column":5}}],"line":30},"1":{"loc":{"start":{"line":42,"column":4},"end":{"line":44,"column":5}},"type":"if","locations":[{"start":{"line":42,"column":4},"end":{"line":44,"column":5}},{"start":{"line":42,"column":4},"end":{"line":44,"column":5}}],"line":42}},"s":{"0":0,"1":0,"2":0,"3":0,"4":0,"5":0,"6":0,"7":0,"8":0,"9":0,"10":0,"11":0,"12":0,"13":0,"14":0,"15":0,"16":0,"17":0,"18":0,"19":0,"20":0,"21":0,"22":0},"f":{"0":0,"1":0,"2":0},"b":{"0":[0,0],"1":[0,0]},"all":true},"D:\\Magang\\Telkom DBT\\Repo\\C3\\Services\\GitlabRepo\\product-service\\bin\\modules\\product\\repositories\\queries\\query_handler.js":{"path":"D:\\Magang\\Telkom DBT\\Repo\\C3\\Services\\GitlabRepo\\product-service\\bin\\modules\\product\\repositories\\queries\\query_handler.js","statementMap":{"0":{"start":{"line":5,"column":16},"end":{"line":5,"column":35}},"1":{"start":{"line":7,"column":22},"end":{"line":15,"column":1}},"2":{"start":{"line":8,"column":19},"end":{"line":12,"column":3}},"3":{"start":{"line":9,"column":20},"end":{"line":9,"column":43}},"4":{"start":{"line":10,"column":19},"end":{"line":10,"column":49}},"5":{"start":{"line":11,"column":4},"end":{"line":11,"column":18}},"6":{"start":{"line":13,"column":17},"end":{"line":13,"column":43}},"7":{"start":{"line":14,"column":2},"end":{"line":14,"column":16}},"8":{"start":{"line":18,"column":23},"end":{"line":27,"column":1}},"9":{"start":{"line":19,"column":19},"end":{"line":23,"column":3}},"10":{"start":{"line":20,"column":20},"end":{"line":20,"column":43}},"11":{"start":{"line":21,"column":19},"end":{"line":21,"column":50}},"12":{"start":{"line":22,"column":4},"end":{"line":22,"column":18}},"13":{"start":{"line":25,"column":17},"end":{"line":25,"column":43}},"14":{"start":{"line":26,"column":2},"end":{"line":26,"column":16}},"15":{"start":{"line":30,"column":0},"end":{"line":33,"column":2}}},"fnMap":{"0":{"name":"(anonymous_0)","decl":{"start":{"line":7,"column":22},"end":{"line":7,"column":23}},"loc":{"start":{"line":7,"column":44},"end":{"line":15,"column":1}},"line":7},"1":{"name":"(anonymous_1)","decl":{"start":{"line":8,"column":19},"end":{"line":8,"column":20}},"loc":{"start":{"line":8,"column":41},"end":{"line":12,"column":3}},"line":8},"2":{"name":"(anonymous_2)","decl":{"start":{"line":18,"column":23},"end":{"line":18,"column":24}},"loc":{"start":{"line":18,"column":45},"end":{"line":27,"column":1}},"line":18},"3":{"name":"(anonymous_3)","decl":{"start":{"line":19,"column":19},"end":{"line":19,"column":20}},"loc":{"start":{"line":19,"column":41},"end":{"line":23,"column":3}},"line":19}},"branchMap":{},"s":{"0":0,"1":0,"2":0,"3":0,"4":0,"5":0,"6":0,"7":0,"8":0,"9":0,"10":0,"11":0,"12":0,"13":0,"14":0,"15":0},"f":{"0":0,"1":0,"2":0,"3":0},"b":{},"all":true},"D:\\Magang\\Telkom DBT\\Repo\\C3\\Services\\GitlabRepo\\product-service\\bin\\modules\\product\\repositories\\queries\\query_model.js":{"path":"D:\\Magang\\Telkom DBT\\Repo\\C3\\Services\\GitlabRepo\\product-service\\bin\\modules\\product\\repositories\\queries\\query_model.js","statementMap":{"0":{"start":{"line":3,"column":23},"end":{"line":17,"column":1}},"1":{"start":{"line":4,"column":16},"end":{"line":15,"column":3}},"2":{"start":{"line":16,"column":2},"end":{"line":16,"column":15}},"3":{"start":{"line":19,"column":0},"end":{"line":21,"column":2}}},"fnMap":{"0":{"name":"(anonymous_0)","decl":{"start":{"line":3,"column":23},"end":{"line":3,"column":24}},"loc":{"start":{"line":3,"column":29},"end":{"line":17,"column":1}},"line":3}},"branchMap":{},"s":{"0":0,"1":0,"2":0,"3":0},"f":{"0":0},"b":{},"all":true},"D:\\Magang\\Telkom DBT\\Repo\\C3\\Services\\GitlabRepo\\product-service\\bin\\modules\\product\\repositories\\queries\\query.js":{"path":"D:\\Magang\\Telkom DBT\\Repo\\C3\\Services\\GitlabRepo\\product-service\\bin\\modules\\product\\repositories\\queries\\query.js","statementMap":{"0":{"start":{"line":3,"column":14},"end":{"line":3,"column":65}},"1":{"start":{"line":4,"column":15},"end":{"line":4,"column":65}},"2":{"start":{"line":7,"column":23},"end":{"line":13,"column":1}},"3":{"start":{"line":8,"column":2},"end":{"line":8,"column":33}},"4":{"start":{"line":9,"column":13},"end":{"line":9,"column":49}},"5":{"start":{"line":10,"column":2},"end":{"line":10,"column":30}},"6":{"start":{"line":11,"column":20},"end":{"line":11,"column":47}},"7":{"start":{"line":12,"column":2},"end":{"line":12,"column":19}},"8":{"start":{"line":15,"column":24},"end":{"line":21,"column":1}},"9":{"start":{"line":16,"column":2},"end":{"line":16,"column":33}},"10":{"start":{"line":17,"column":13},"end":{"line":17,"column":49}},"11":{"start":{"line":18,"column":2},"end":{"line":18,"column":30}},"12":{"start":{"line":19,"column":20},"end":{"line":19,"column":39}},"13":{"start":{"line":20,"column":2},"end":{"line":20,"column":19}},"14":{"start":{"line":24,"column":0},"end":{"line":27,"column":2}}},"fnMap":{"0":{"name":"(anonymous_0)","decl":{"start":{"line":7,"column":23},"end":{"line":7,"column":24}},"loc":{"start":{"line":7,"column":44},"end":{"line":13,"column":1}},"line":7},"1":{"name":"(anonymous_1)","decl":{"start":{"line":15,"column":24},"end":{"line":15,"column":25}},"loc":{"start":{"line":15,"column":45},"end":{"line":21,"column":1}},"line":15}},"branchMap":{},"s":{"0":0,"1":0,"2":0,"3":0,"4":0,"5":0,"6":0,"7":0,"8":0,"9":0,"10":0,"11":0,"12":0,"13":0,"14":0},"f":{"0":0,"1":0},"b":{},"all":true},"D:\\Magang\\Telkom DBT\\Repo\\C3\\Services\\GitlabRepo\\product-service\\bin\\modules\\product\\utils\\validator.js":{"path":"D:\\Magang\\Telkom DBT\\Repo\\C3\\Services\\GitlabRepo\\product-service\\bin\\modules\\product\\utils\\validator.js","statementMap":{"0":{"start":{"line":3,"column":17},"end":{"line":3,"column":39}},"1":{"start":{"line":4,"column":16},"end":{"line":4,"column":57}},"2":{"start":{"line":5,"column":14},"end":{"line":5,"column":62}},"3":{"start":{"line":7,"column":15},"end":{"line":7,"column":62}},"4":{"start":{"line":9,"column":28},"end":{"line":15,"column":1}},"5":{"start":{"line":10,"column":2},"end":{"line":12,"column":3}},"6":{"start":{"line":11,"column":4},"end":{"line":11,"column":73}},"7":{"start":{"line":13,"column":2},"end":{"line":13,"column":28}},"8":{"start":{"line":17,"column":34},"end":{"line":30,"column":1}},"9":{"start":{"line":18,"column":20},"end":{"line":18,"column":22}},"10":{"start":{"line":19,"column":15},"end":{"line":19,"column":17}},"11":{"start":{"line":20,"column":2},"end":{"line":20,"column":53}},"12":{"start":{"line":21,"column":2},"end":{"line":21,"column":54}},"13":{"start":{"line":22,"column":2},"end":{"line":22,"column":60}},"14":{"start":{"line":23,"column":2},"end":{"line":23,"column":54}},"15":{"start":{"line":24,"column":2},"end":{"line":24,"column":38}},"16":{"start":{"line":25,"column":2},"end":{"line":25,"column":40}},"17":{"start":{"line":26,"column":2},"end":{"line":26,"column":52}},"18":{"start":{"line":27,"column":2},"end":{"line":27,"column":40}},"19":{"start":{"line":29,"column":2},"end":{"line":29,"column":55}},"20":{"start":{"line":32,"column":35},"end":{"line":44,"column":1}},"21":{"start":{"line":33,"column":20},"end":{"line":33,"column":22}},"22":{"start":{"line":34,"column":15},"end":{"line":34,"column":17}},"23":{"start":{"line":35,"column":2},"end":{"line":35,"column":53}},"24":{"start":{"line":36,"column":2},"end":{"line":36,"column":54}},"25":{"start":{"line":37,"column":2},"end":{"line":37,"column":60}},"26":{"start":{"line":38,"column":2},"end":{"line":38,"column":54}},"27":{"start":{"line":39,"column":2},"end":{"line":39,"column":38}},"28":{"start":{"line":40,"column":2},"end":{"line":40,"column":40}},"29":{"start":{"line":41,"column":2},"end":{"line":41,"column":52}},"30":{"start":{"line":42,"column":2},"end":{"line":42,"column":40}},"31":{"start":{"line":43,"column":2},"end":{"line":43,"column":55}},"32":{"start":{"line":46,"column":35},"end":{"line":58,"column":1}},"33":{"start":{"line":47,"column":20},"end":{"line":47,"column":22}},"34":{"start":{"line":48,"column":15},"end":{"line":48,"column":17}},"35":{"start":{"line":49,"column":2},"end":{"line":49,"column":53}},"36":{"start":{"line":50,"column":2},"end":{"line":50,"column":54}},"37":{"start":{"line":51,"column":2},"end":{"line":51,"column":60}},"38":{"start":{"line":52,"column":2},"end":{"line":52,"column":54}},"39":{"start":{"line":53,"column":2},"end":{"line":53,"column":38}},"40":{"start":{"line":54,"column":2},"end":{"line":54,"column":40}},"41":{"start":{"line":55,"column":2},"end":{"line":55,"column":52}},"42":{"start":{"line":56,"column":2},"end":{"line":56,"column":40}},"43":{"start":{"line":57,"column":2},"end":{"line":57,"column":55}},"44":{"start":{"line":60,"column":23},"end":{"line":66,"column":1}},"45":{"start":{"line":61,"column":13},"end":{"line":61,"column":49}},"46":{"start":{"line":62,"column":2},"end":{"line":62,"column":30}},"47":{"start":{"line":63,"column":20},"end":{"line":63,"column":38}},"48":{"start":{"line":64,"column":17},"end":{"line":64,"column":44}},"49":{"start":{"line":65,"column":2},"end":{"line":65,"column":16}},"50":{"start":{"line":68,"column":0},"end":{"line":73,"column":2}}},"fnMap":{"0":{"name":"(anonymous_0)","decl":{"start":{"line":9,"column":28},"end":{"line":9,"column":29}},"loc":{"start":{"line":9,"column":58},"end":{"line":15,"column":1}},"line":9},"1":{"name":"(anonymous_1)","decl":{"start":{"line":17,"column":34},"end":{"line":17,"column":35}},"loc":{"start":{"line":17,"column":53},"end":{"line":30,"column":1}},"line":17},"2":{"name":"(anonymous_2)","decl":{"start":{"line":32,"column":35},"end":{"line":32,"column":36}},"loc":{"start":{"line":32,"column":54},"end":{"line":44,"column":1}},"line":32},"3":{"name":"(anonymous_3)","decl":{"start":{"line":46,"column":35},"end":{"line":46,"column":36}},"loc":{"start":{"line":46,"column":54},"end":{"line":58,"column":1}},"line":46},"4":{"name":"(anonymous_4)","decl":{"start":{"line":60,"column":23},"end":{"line":60,"column":24}},"loc":{"start":{"line":60,"column":42},"end":{"line":66,"column":1}},"line":60}},"branchMap":{"0":{"loc":{"start":{"line":10,"column":2},"end":{"line":12,"column":3}},"type":"if","locations":[{"start":{"line":10,"column":2},"end":{"line":12,"column":3}},{"start":{"line":10,"column":2},"end":{"line":12,"column":3}}],"line":10}},"s":{"0":0,"1":0,"2":0,"3":0,"4":0,"5":0,"6":0,"7":0,"8":0,"9":0,"10":0,"11":0,"12":0,"13":0,"14":0,"15":0,"16":0,"17":0,"18":0,"19":0,"20":0,"21":0,"22":0,"23":0,"24":0,"25":0,"26":0,"27":0,"28":0,"29":0,"30":0,"31":0,"32":0,"33":0,"34":0,"35":0,"36":0,"37":0,"38":0,"39":0,"40":0,"41":0,"42":0,"43":0,"44":0,"45":0,"46":0,"47":0,"48":0,"49":0,"50":0},"f":{"0":0,"1":0,"2":0,"3":0,"4":0},"b":{"0":[0,0]},"all":true}}